[SERVER] STATIC_DIR: D:\ui_auto_test\demo_app\static
[SERVER] STATIC_DIR exists: True
[SERVER] app.js path: D:\ui_auto_test\demo_app\static\app.js
[SERVER] app.js exists: True
[SERVER] app.js size: 95147 bytes
[START] Demo server is running at http://0.0.0.0:8899/
[START] Access URL: http://10.0.154.154:8899/
[START] Access URL: http://127.0.0.1:8899/
[START] Access URL: http://localhost:8899/
[START] Static assets: D:\ui_auto_test\demo_app\static
[START] Output directory: D:\ui_auto_test\demo_app\demo
[翻译] scenario/core/profile 已翻译为 Japanese
[对话生成] 降级到旧生成器
[CAST v2.0] 警告：真实姓名生成器失败，降级到旧逻辑: No module named 'generate_cast_v150'
[CAST v1.5.0] 动态生成角色，scenario=strategy discussion...
[CAST v1.5.0] Owner角色: 专业人士, 明确名字: None
[结构化对话] scene_type=generic, scenario=strategy discussion...
[DEBUG] 最终 prompt 和模板已写入: D:\ui_auto_test\demo_app\demo\tts_input_debug.txt
[校验] 期望 Speaker 数量: 3
[校验] 实际找到的 Speaker: [1, 2, 3]
[校验] 每个 Speaker 出现次数: {1: 17, 2: 7, 3: 6}
[校验] 缺失的 Speaker: []
[校验] 出现次数不足 2 次的 Speaker: []
[校验] 语言不一致：中文占比 73.96% > 10%
[生成] 第 1 次生成存在问题（scenario_leak=False, language_issue=True），重试...  输出必须是 Japanese，中文占比必须 < 10%。只输出Japanese，不要混入中文。
[对话生成] 降级到旧生成器
[CAST v2.0] 警告：真实姓名生成器失败，降级到旧逻辑: No module named 'generate_cast_v150'
[CAST v1.5.0] 动态生成角色，scenario=strategy discussion...
[CAST v1.5.0] Owner角色: 专业人士, 明确名字: None
[结构化对话] scene_type=generic, scenario=strategy discussion...
[DEBUG] 最终 prompt 和模板已写入: D:\ui_auto_test\demo_app\demo\tts_input_debug.txt
[校验] 期望 Speaker 数量: 3
[校验] 实际找到的 Speaker: [1, 2, 3]
[校验] 每个 Speaker 出现次数: {1: 17, 2: 7, 3: 6}
[校验] 缺失的 Speaker: []
[校验] 出现次数不足 2 次的 Speaker: []
[校验] 语言不一致：中文占比 75.10% > 10%
[生成] 第 2 次生成存在问题（scenario_leak=False, language_issue=True），重试...  输出必须是 Japanese，中文占比必须 < 10%。只输出Japanese，不要混入中文。
[对话生成] 降级到旧生成器
[CAST v2.0] 警告：真实姓名生成器失败，降级到旧逻辑: No module named 'generate_cast_v150'
[CAST v1.5.0] 动态生成角色，scenario=strategy discussion...
[CAST v1.5.0] Owner角色: 专业人士, 明确名字: None
[结构化对话] scene_type=generic, scenario=strategy discussion...
[DEBUG] 最终 prompt 和模板已写入: D:\ui_auto_test\demo_app\demo\tts_input_debug.txt
[校验] 期望 Speaker 数量: 3
[校验] 实际找到的 Speaker: [1, 2, 3]
[校验] 每个 Speaker 出现次数: {1: 17, 2: 7, 3: 6}
[校验] 缺失的 Speaker: []
[校验] 出现次数不足 2 次的 Speaker: []
[校验] 语言不一致：中文占比 77.08% > 10%
[生成] 达到最大重试次数，但仍存在问题（scenario_leak=False, language_issue=True）
[v1.4.0] 跨Speaker重复检测失败
================================================================================
跨Speaker重复检测报告
================================================================================

[X] 发现3处完全重复：

  [11行] Speaker2: 每个步骤需要注意什么？
  [13行] Speaker3: 每个步骤需要注意什么？  <- 完全相同！

  [16行] Speaker2: 这个方案听起来不错，能详细说说吗？
  [18行] Speaker3: 这个方案听起来不错，能详细说说吗？  <- 完全相同！

  [21行] Speaker2: 我明白了，这个确实需要注意。
  [23行] Speaker3: 我明白了，这个确实需要注意。  <- 完全相同！

[X] 发现3处高相似度：

  [11行] Speaker2: 每个步骤需要注意什么？
  [13行] Speaker3: 每个步骤需要注意什么？
  相似度: 100%

  [16行] Speaker2: 这个方案听起来不错，能详细说说吗？
  [18行] Speaker3: 这个方案听起来不错，能详细说说吗？
  相似度: 100%

  [21行] Speaker2: 我明白了，这个确实需要注意。
  [23行] Speaker3: 我明白了，这个确实需要注意。
  相似度: 100%

================================================================================

[统计] 总句数:30, 完全重复:3, 近重复:3, 模板句:0 (0.0%)
[生成] 达到最大重试次数，仍存在跨Speaker重复
[修复] 启动强制重复修复...
[修复] ✅ 修复成功：{'total_lines': 30, 'exact_duplicate_count': 0, 'semantic_near_duplicate_count': 0, 'low_info_filler_count': 0, 'low_info_filler_ratio': 0.0, 'is_valid': True}
[去重] 原始行数: 30, 去重后行数: 30
[长度校验] 目标: 600, 实际字符数（不含标签）: 805, 实际字数: 148, 语言: Japanese
[v1.4.0] InfoLedger统计: 11个槽位, 当前章节:澄清背景
[生成] 达到最大重试次数，执行硬截断...
[硬截断] 截断后字符数（不含标签）: 1030, 字数: 187
[随机性] seed = 327390284 (来自 plhajyhh_1776049283736)
[DEBUG] 检测结果已追加到: D:\ui_auto_test\demo_app\demo\tts_input_debug.txt
[v1.4.0] Ledger debug已保存: reports/ledger_dialogue_1776049283.json
[A3-Facts] 覆盖率: 100.0% (1/1)
[v1.4.0] Facts debug已保存: reports/facts_dialogue_1776049283.json
[A2-RoleKPI] 🔧 启动强制补齐闭环（people=3）
[A2-RoleKPI] 补齐异常: name 'sys' is not defined
[核心标记修复] 警告：Japanese输出未包含核心标记，强制插入
[核心标记修复] 已在第5行插入核心内容
[后处理] 检测到34处占位符姓名
  - 行0: \bSpeaker\s+\d+\b
  - 行1: \bSpeaker\s+\d+\b
  - 行2: \bSpeaker\s+\d+\b
[翻译] scenario/core/profile 已翻译为 Korean
[对话生成] 降级到旧生成器
[CAST v2.0] 警告：真实姓名生成器失败，降级到旧逻辑: No module named 'generate_cast_v150'
[CAST v1.5.0] 动态生成角色，scenario=strategy discussion...
[CAST v1.5.0] Owner角色: 专业人士, 明确名字: None
[结构化对话] scene_type=generic, scenario=strategy discussion...
[DEBUG] 最终 prompt 和模板已写入: D:\ui_auto_test\demo_app\demo\tts_input_debug.txt
[校验] 期望 Speaker 数量: 3
[校验] 实际找到的 Speaker: [1, 2, 3]
[校验] 每个 Speaker 出现次数: {1: 17, 2: 7, 3: 6}
[校验] 缺失的 Speaker: []
[校验] 出现次数不足 2 次的 Speaker: []
[校验] 语言不一致：中文占比 75.97% > 10%
[生成] 第 1 次生成存在问题（scenario_leak=False, language_issue=True），重试...  输出必须是 Korean，中文占比必须 < 10%。只输出Korean，不要混入中文。
[对话生成] 降级到旧生成器
[CAST v2.0] 警告：真实姓名生成器失败，降级到旧逻辑: No module named 'generate_cast_v150'
[CAST v1.5.0] 动态生成角色，scenario=strategy discussion...
[CAST v1.5.0] Owner角色: 专业人士, 明确名字: None
[结构化对话] scene_type=generic, scenario=strategy discussion...
[DEBUG] 最终 prompt 和模板已写入: D:\ui_auto_test\demo_app\demo\tts_input_debug.txt
[校验] 期望 Speaker 数量: 3
[校验] 实际找到的 Speaker: [1, 2, 3]
[校验] 每个 Speaker 出现次数: {1: 17, 2: 7, 3: 6}
[校验] 缺失的 Speaker: []
[校验] 出现次数不足 2 次的 Speaker: []
[校验] 语言不一致：中文占比 74.50% > 10%
[生成] 第 2 次生成存在问题（scenario_leak=False, language_issue=True），重试...  输出必须是 Korean，中文占比必须 < 10%。只输出Korean，不要混入中文。
[对话生成] 降级到旧生成器
[CAST v2.0] 警告：真实姓名生成器失败，降级到旧逻辑: No module named 'generate_cast_v150'
[CAST v1.5.0] 动态生成角色，scenario=strategy discussion...
[CAST v1.5.0] Owner角色: 专业人士, 明确名字: None
[结构化对话] scene_type=generic, scenario=strategy discussion...
[DEBUG] 最终 prompt 和模板已写入: D:\ui_auto_test\demo_app\demo\tts_input_debug.txt
[校验] 期望 Speaker 数量: 3
[校验] 实际找到的 Speaker: [1, 2, 3]
[校验] 每个 Speaker 出现次数: {1: 17, 2: 7, 3: 6}
[校验] 缺失的 Speaker: []
[校验] 出现次数不足 2 次的 Speaker: []
[校验] 语言不一致：中文占比 73.76% > 10%
[生成] 达到最大重试次数，但仍存在问题（scenario_leak=False, language_issue=True）
[v1.4.0] 跨Speaker重复检测失败
================================================================================
跨Speaker重复检测报告
================================================================================

[X] 发现3处完全重复：

  [11行] Speaker2: 每个步骤需要注意什么？
  [13行] Speaker3: 每个步骤需要注意什么？  <- 完全相同！

  [16行] Speaker2: 这个方案听起来不错，能详细说说吗？
  [18行] Speaker3: 这个方案听起来不错，能详细说说吗？  <- 完全相同！

  [21行] Speaker2: 我明白了，这个确实需要注意。
  [23行] Speaker3: 我明白了，这个确实需要注意。  <- 完全相同！

[X] 发现3处高相似度：

  [11行] Speaker2: 每个步骤需要注意什么？
  [13行] Speaker3: 每个步骤需要注意什么？
  相似度: 100%

  [16行] Speaker2: 这个方案听起来不错，能详细说说吗？
  [18行] Speaker3: 这个方案听起来不错，能详细说说吗？
  相似度: 100%

  [21行] Speaker2: 我明白了，这个确实需要注意。
  [23行] Speaker3: 我明白了，这个确实需要注意。
  相似度: 100%

================================================================================

[统计] 总句数:30, 完全重复:3, 近重复:3, 模板句:0 (0.0%)
[生成] 达到最大重试次数，仍存在跨Speaker重复
[修复] 启动强制重复修复...
[修复] ✅ 修复成功：{'total_lines': 30, 'exact_duplicate_count': 0, 'semantic_near_duplicate_count': 0, 'low_info_filler_count': 0, 'low_info_filler_ratio': 0.0, 'is_valid': True}
[去重] 原始行数: 30, 去重后行数: 30
[长度校验] 目标: 600, 实际字符数（不含标签）: 838, 实际字数: 150, 语言: Korean
[v1.4.0] InfoLedger统计: 11个槽位, 当前章节:澄清背景
[生成] 达到最大重试次数，执行硬截断...
[硬截断] 截断后字符数（不含标签）: 1063, 字数: 189
[随机性] seed = 2109980349 (来自 bjwp67sd_1776049290808)
[DEBUG] 检测结果已追加到: D:\ui_auto_test\demo_app\demo\tts_input_debug.txt
[v1.4.0] Ledger debug已保存: reports/ledger_dialogue_1776049290.json
[A3-Facts] 覆盖率: 100.0% (1/1)
[v1.4.0] Facts debug已保存: reports/facts_dialogue_1776049290.json
[A2-RoleKPI] 🔧 启动强制补齐闭环（people=3）
[A2-RoleKPI] 补齐异常: name 'sys' is not defined
[核心标记修复] 警告：Korean输出未包含核心标记，强制插入
[核心标记修复] 已在第5行插入核心内容
[后处理] 检测到34处占位符姓名
  - 行0: \bSpeaker\s+\d+\b
  - 行1: \bSpeaker\s+\d+\b
  - 行2: \bSpeaker\s+\d+\b
[翻译] scenario/core/profile 已翻译为 English
[对话生成] 降级到旧生成器
[CAST v2.0] 警告：真实姓名生成器失败，降级到旧逻辑: No module named 'generate_cast_v150'
[CAST v1.5.0] 动态生成角色，scenario=strategy discussion...
[CAST v1.5.0] Owner角色: 专业人士, 明确名字: None
[结构化对话] scene_type=generic, scenario=strategy discussion...
[DEBUG] 最终 prompt 和模板已写入: D:\ui_auto_test\demo_app\demo\tts_input_debug.txt
[校验] 期望 Speaker 数量: 3
[校验] 实际找到的 Speaker: [1, 2, 3]
[校验] 每个 Speaker 出现次数: {1: 17, 2: 7, 3: 6}
[校验] 缺失的 Speaker: []
[校验] 出现次数不足 2 次的 Speaker: []
[校验] 语言不一致：中文占比 77.28% > 10%
[生成] 第 1 次生成存在问题（scenario_leak=False, language_issue=True），重试...  输出必须是 English，中文占比必须 < 10%。只输出English，不要混入中文。
[对话生成] 降级到旧生成器
[CAST v2.0] 警告：真实姓名生成器失败，降级到旧逻辑: No module named 'generate_cast_v150'
[CAST v1.5.0] 动态生成角色，scenario=strategy discussion...
[CAST v1.5.0] Owner角色: 专业人士, 明确名字: None
[结构化对话] scene_type=generic, scenario=strategy discussion...
[DEBUG] 最终 prompt 和模板已写入: D:\ui_auto_test\demo_app\demo\tts_input_debug.txt
[校验] 期望 Speaker 数量: 3
[校验] 实际找到的 Speaker: [1, 2, 3]
[校验] 每个 Speaker 出现次数: {1: 17, 2: 7, 3: 6}
[校验] 缺失的 Speaker: []
[校验] 出现次数不足 2 次的 Speaker: []
[校验] 语言不一致：中文占比 74.80% > 10%
[生成] 第 2 次生成存在问题（scenario_leak=False, language_issue=True），重试...  输出必须是 English，中文占比必须 < 10%。只输出English，不要混入中文。
[对话生成] 降级到旧生成器
[CAST v2.0] 警告：真实姓名生成器失败，降级到旧逻辑: No module named 'generate_cast_v150'
[CAST v1.5.0] 动态生成角色，scenario=strategy discussion...
[CAST v1.5.0] Owner角色: 专业人士, 明确名字: None
[结构化对话] scene_type=generic, scenario=strategy discussion...
[DEBUG] 最终 prompt 和模板已写入: D:\ui_auto_test\demo_app\demo\tts_input_debug.txt
[校验] 期望 Speaker 数量: 3
[校验] 实际找到的 Speaker: [1, 2, 3]
[校验] 每个 Speaker 出现次数: {1: 17, 2: 7, 3: 6}
[校验] 缺失的 Speaker: []
[校验] 出现次数不足 2 次的 Speaker: []
[校验] 语言不一致：中文占比 73.73% > 10%
[生成] 达到最大重试次数，但仍存在问题（scenario_leak=False, language_issue=True）
[v1.4.0] 跨Speaker重复检测失败
================================================================================
跨Speaker重复检测报告
================================================================================

[X] 发现3处完全重复：

  [11行] Speaker2: 每个步骤需要注意什么？
  [13行] Speaker3: 每个步骤需要注意什么？  <- 完全相同！

  [16行] Speaker2: 这个方案听起来不错，能详细说说吗？
  [18行] Speaker3: 这个方案听起来不错，能详细说说吗？  <- 完全相同！

  [21行] Speaker2: 我明白了，这个确实需要注意。
  [23行] Speaker3: 我明白了，这个确实需要注意。  <- 完全相同！

[X] 发现3处高相似度：

  [11行] Speaker2: 每个步骤需要注意什么？
  [13行] Speaker3: 每个步骤需要注意什么？
  相似度: 100%

  [16行] Speaker2: 这个方案听起来不错，能详细说说吗？
  [18行] Speaker3: 这个方案听起来不错，能详细说说吗？
  相似度: 100%

  [21行] Speaker2: 我明白了，这个确实需要注意。
  [23行] Speaker3: 我明白了，这个确实需要注意。
  相似度: 100%

================================================================================

[统计] 总句数:30, 完全重复:3, 近重复:3, 模板句:0 (0.0%)
[生成] 达到最大重试次数，仍存在跨Speaker重复
[修复] 启动强制重复修复...
[修复] ✅ 修复成功：{'total_lines': 30, 'exact_duplicate_count': 0, 'semantic_near_duplicate_count': 0, 'low_info_filler_count': 0, 'low_info_filler_ratio': 0.0, 'is_valid': True}
[去重] 原始行数: 30, 去重后行数: 30
[长度校验] 目标: 600, 实际字符数（不含标签）: 837, 实际字数: 150, 语言: English
[v1.4.0] InfoLedger统计: 11个槽位, 当前章节:澄清背景
[生成] 达到最大重试次数，执行硬截断...
[硬截断] 截断后字符数（不含标签）: 1062, 字数: 189
[随机性] seed = 3178203183 (来自 72qufqri_1776049297746)
[DEBUG] 检测结果已追加到: D:\ui_auto_test\demo_app\demo\tts_input_debug.txt
[v1.4.0] Ledger debug已保存: reports/ledger_dialogue_1776049297.json
[A3-Facts] 覆盖率: 100.0% (1/1)
[v1.4.0] Facts debug已保存: reports/facts_dialogue_1776049297.json
[A2-RoleKPI] 🔧 启动强制补齐闭环（people=3）
[A2-RoleKPI] 补齐异常: name 'sys' is not defined
[核心标记修复] 警告：English输出未包含核心标记，强制插入
[核心标记修复] 已在第5行插入核心内容
[后处理] 检测到34处占位符姓名
  - 行0: \bSpeaker\s+\d+\b
  - 行1: \bSpeaker\s+\d+\b
  - 行2: \bSpeaker\s+\d+\b
[翻译] scenario/core/profile 已翻译为 Chinese
[对话生成] 降级到旧生成器
[CAST v2.0] 警告：真实姓名生成器失败，降级到旧逻辑: No module named 'generate_cast_v150'
[CAST v1.5.0] 动态生成角色，scenario=strategy discussion...
[CAST v1.5.0] Owner角色: 专业人士, 明确名字: None
[结构化对话] scene_type=generic, scenario=strategy discussion...
[DEBUG] 最终 prompt 和模板已写入: D:\ui_auto_test\demo_app\demo\tts_input_debug.txt
[校验] 期望 Speaker 数量: 3
[校验] 实际找到的 Speaker: [1, 2, 3]
[校验] 每个 Speaker 出现次数: {1: 17, 2: 7, 3: 6}
[校验] 缺失的 Speaker: []
[校验] 出现次数不足 2 次的 Speaker: []
[校验] 语言不一致：中文占比 26.77% > 10%
[生成] 第 1 次生成存在问题（scenario_leak=False, language_issue=True），重试...  输出必须是 Chinese，中文占比必须 < 10%。只输出Chinese，不要混入中文。
[对话生成] 降级到旧生成器
[CAST v2.0] 警告：真实姓名生成器失败，降级到旧逻辑: No module named 'generate_cast_v150'
[CAST v1.5.0] 动态生成角色，scenario=strategy discussion...
[CAST v1.5.0] Owner角色: 专业人士, 明确名字: None
[结构化对话] scene_type=generic, scenario=strategy discussion...
[DEBUG] 最终 prompt 和模板已写入: D:\ui_auto_test\demo_app\demo\tts_input_debug.txt
[校验] 期望 Speaker 数量: 3
[校验] 实际找到的 Speaker: [1, 2, 3]
[校验] 每个 Speaker 出现次数: {1: 17, 2: 7, 3: 6}
[校验] 缺失的 Speaker: []
[校验] 出现次数不足 2 次的 Speaker: []
[校验] 语言不一致：中文占比 26.51% > 10%
[生成] 第 2 次生成存在问题（scenario_leak=False, language_issue=True），重试...  输出必须是 Chinese，中文占比必须 < 10%。只输出Chinese，不要混入中文。
[对话生成] 降级到旧生成器
[CAST v2.0] 警告：真实姓名生成器失败，降级到旧逻辑: No module named 'generate_cast_v150'
[CAST v1.5.0] 动态生成角色，scenario=strategy discussion...
[CAST v1.5.0] Owner角色: 专业人士, 明确名字: None
[结构化对话] scene_type=generic, scenario=strategy discussion...
[DEBUG] 最终 prompt 和模板已写入: D:\ui_auto_test\demo_app\demo\tts_input_debug.txt
[校验] 期望 Speaker 数量: 3
[校验] 实际找到的 Speaker: [1, 2, 3]
[校验] 每个 Speaker 出现次数: {1: 17, 2: 7, 3: 6}
[校验] 缺失的 Speaker: []
[校验] 出现次数不足 2 次的 Speaker: []
[校验] 语言不一致：中文占比 26.48% > 10%
[生成] 达到最大重试次数，但仍存在问题（scenario_leak=False, language_issue=True）
[v1.4.0] 跨Speaker重复检测失败
================================================================================
跨Speaker重复检测报告
================================================================================

[X] 发现3处完全重复：

  [11行] Speaker2: 每个步骤需要注意什么？
  [13行] Speaker3: 每个步骤需要注意什么？  <- 完全相同！

  [16行] Speaker2: 这个方案听起来不错，能详细说说吗？
  [18行] Speaker3: 这个方案听起来不错，能详细说说吗？  <- 完全相同！

  [21行] Speaker2: 我明白了，这个确实需要注意。
  [23行] Speaker3: 我明白了，这个确实需要注意。  <- 完全相同！

[X] 发现3处高相似度：

  [11行] Speaker2: 每个步骤需要注意什么？
  [13行] Speaker3: 每个步骤需要注意什么？
  相似度: 100%

  [16行] Speaker2: 这个方案听起来不错，能详细说说吗？
  [18行] Speaker3: 这个方案听起来不错，能详细说说吗？
  相似度: 100%

  [21行] Speaker2: 我明白了，这个确实需要注意。
  [23行] Speaker3: 我明白了，这个确实需要注意。
  相似度: 100%

================================================================================

[统计] 总句数:30, 完全重复:3, 近重复:3, 模板句:0 (0.0%)
[生成] 达到最大重试次数，仍存在跨Speaker重复
[修复] 启动强制重复修复...
[修复] ✅ 修复成功：{'total_lines': 30, 'exact_duplicate_count': 0, 'semantic_near_duplicate_count': 0, 'low_info_filler_count': 0, 'low_info_filler_ratio': 0.0, 'is_valid': True}
[去重] 原始行数: 30, 去重后行数: 30
[长度校验] 目标: 600, 实际字符数（不含标签）: 2218, 实际字数: 407, 语言: Chinese
[v1.4.0] InfoLedger统计: 12个槽位, 当前章节:澄清背景
[生成] 达到最大重试次数，执行硬截断...
[硬截断] 截断后字符数（不含标签）: 2443, 字数: 446
[随机性] seed = 18182275 (来自 elhd3hhq_1776049308775)
[DEBUG] 检测结果已追加到: D:\ui_auto_test\demo_app\demo\tts_input_debug.txt
[v1.4.0] Ledger debug已保存: reports/ledger_dialogue_1776049308.json
[A3-Facts] 覆盖率: 4.2% (1/24)
[A3-Facts] 缺失: ['F3', 'F4', 'F5', 'F6', 'F7', 'F8', 'F9', 'F11', 'F12', 'F13', 'F15', 'F16', 'F17', 'F18', 'F19', 'F20', 'F21', 'F22', 'F23', 'F24', 'F25', 'F26', 'F27']
[v1.4.0] Facts debug已保存: reports/facts_dialogue_1776049308.json
[A2-RoleKPI] 🔧 启动强制补齐闭环（people=3）
[A2-RoleKPI] 补齐异常: name 'sys' is not defined
[核心标记修复] 警告：Chinese输出未包含核心标记，强制插入
[核心标记修复] 已在第5行插入核心内容
[后处理] 检测到34处占位符姓名
  - 行0: \bSpeaker\s+\d+\b
  - 行1: \bSpeaker\s+\d+\b
  - 行2: \bSpeaker\s+\d+\b
[翻译] scenario/core/profile 已翻译为 Chinese
[对话生成] 降级到旧生成器
[CAST v2.0] 警告：真实姓名生成器失败，降级到旧逻辑: No module named 'generate_cast_v150'
[CAST v1.5.0] 动态生成角色，scenario=Team strategy meeting...
[CAST v1.5.0] Owner角色: 专业人士, 明确名字: None
[结构化对话] scene_type=generic, scenario=Team strategy meeting...
[DEBUG] 最终 prompt 和模板已写入: D:\ui_auto_test\demo_app\demo\tts_input_debug.txt
[校验] 期望 Speaker 数量: 3
[校验] 实际找到的 Speaker: [1, 2, 3]
[校验] 每个 Speaker 出现次数: {1: 17, 2: 7, 3: 6}
[校验] 缺失的 Speaker: []
[校验] 出现次数不足 2 次的 Speaker: []
[校验] 语言不一致：中文占比 23.64% > 10%
[生成] 第 1 次生成存在问题（scenario_leak=False, language_issue=True），重试...  输出必须是 Chinese，中文占比必须 < 10%。只输出Chinese，不要混入中文。
[对话生成] 降级到旧生成器
[CAST v2.0] 警告：真实姓名生成器失败，降级到旧逻辑: No module named 'generate_cast_v150'
[CAST v1.5.0] 动态生成角色，scenario=Team strategy meeting...
[CAST v1.5.0] Owner角色: 专业人士, 明确名字: None
[结构化对话] scene_type=generic, scenario=Team strategy meeting...
[DEBUG] 最终 prompt 和模板已写入: D:\ui_auto_test\demo_app\demo\tts_input_debug.txt
[校验] 期望 Speaker 数量: 3
[校验] 实际找到的 Speaker: [1, 2, 3]
[校验] 每个 Speaker 出现次数: {1: 17, 2: 7, 3: 6}
[校验] 缺失的 Speaker: []
[校验] 出现次数不足 2 次的 Speaker: []
[校验] 语言不一致：中文占比 23.58% > 10%
[生成] 第 2 次生成存在问题（scenario_leak=False, language_issue=True），重试...  输出必须是 Chinese，中文占比必须 < 10%。只输出Chinese，不要混入中文。
[对话生成] 降级到旧生成器
[CAST v2.0] 警告：真实姓名生成器失败，降级到旧逻辑: No module named 'generate_cast_v150'
[CAST v1.5.0] 动态生成角色，scenario=Team strategy meeting...
[CAST v1.5.0] Owner角色: 专业人士, 明确名字: None
[结构化对话] scene_type=generic, scenario=Team strategy meeting...
[DEBUG] 最终 prompt 和模板已写入: D:\ui_auto_test\demo_app\demo\tts_input_debug.txt
[校验] 期望 Speaker 数量: 3
[校验] 实际找到的 Speaker: [1, 2, 3]
[校验] 每个 Speaker 出现次数: {1: 17, 2: 7, 3: 6}
[校验] 缺失的 Speaker: []
[校验] 出现次数不足 2 次的 Speaker: []
[校验] 语言不一致：中文占比 23.41% > 10%
[生成] 达到最大重试次数，但仍存在问题（scenario_leak=False, language_issue=True）
[v1.4.0] 跨Speaker重复检测失败
================================================================================
跨Speaker重复检测报告
================================================================================

[X] 发现3处完全重复：

  [11行] Speaker2: 每个步骤需要注意什么？
  [13行] Speaker3: 每个步骤需要注意什么？  <- 完全相同！

  [16行] Speaker2: 这个方案听起来不错，能详细说说吗？
  [18行] Speaker3: 这个方案听起来不错，能详细说说吗？  <- 完全相同！

  [21行] Speaker2: 我明白了，这个确实需要注意。
  [23行] Speaker3: 我明白了，这个确实需要注意。  <- 完全相同！

[X] 发现3处高相似度：

  [11行] Speaker2: 每个步骤需要注意什么？
  [13行] Speaker3: 每个步骤需要注意什么？
  相似度: 100%

  [16行] Speaker2: 这个方案听起来不错，能详细说说吗？
  [18行] Speaker3: 这个方案听起来不错，能详细说说吗？
  相似度: 100%

  [21行] Speaker2: 我明白了，这个确实需要注意。
  [23行] Speaker3: 我明白了，这个确实需要注意。
  相似度: 100%

================================================================================

[统计] 总句数:30, 完全重复:3, 近重复:3, 模板句:0 (0.0%)
[生成] 达到最大重试次数，仍存在跨Speaker重复
[修复] 启动强制重复修复...
[修复] ✅ 修复成功：{'total_lines': 30, 'exact_duplicate_count': 0, 'semantic_near_duplicate_count': 0, 'low_info_filler_count': 0, 'low_info_filler_ratio': 0.0, 'is_valid': True}
[去重] 原始行数: 30, 去重后行数: 30
[长度校验] 目标: 600, 实际字符数（不含标签）: 2440, 实际字数: 459, 语言: Chinese
[InfoLedger] 推进到章节 1: 展开事实
[v1.4.0] InfoLedger统计: 14个槽位, 当前章节:展开事实
[生成] 达到最大重试次数，执行硬截断...
[硬截断] 截断后字符数（不含标签）: 2665, 字数: 498
[随机性] seed = 2271356377 (来自 ekfri8gi_1776050286839)
[DEBUG] 检测结果已追加到: D:\ui_auto_test\demo_app\demo\tts_input_debug.txt
[v1.4.0] Ledger debug已保存: reports/ledger_dialogue_1776050286.json
[A3-Facts] 覆盖率: 16.1% (5/31)
[A3-Facts] 缺失: ['F5', 'F7', 'F8', 'F9', 'F10', 'F11', 'F12', 'F14', 'F15', 'F16', 'F17', 'F20', 'F21', 'F22', 'F23', 'F24', 'F26', 'F27', 'F28', 'F29', 'F30', 'F31', 'F32', 'F33', 'F34', 'F35']
[v1.4.0] Facts debug已保存: reports/facts_dialogue_1776050286.json
[A2-RoleKPI] 🔧 启动强制补齐闭环（people=3）
[A2-RoleKPI] 补齐异常: name 'sys' is not defined
[核心标记修复] 警告：Chinese输出未包含核心标记，强制插入
[核心标记修复] 已在第5行插入核心内容
[后处理] 检测到34处占位符姓名
  - 行0: \bSpeaker\s+\d+\b
  - 行1: \bSpeaker\s+\d+\b
  - 行2: \bSpeaker\s+\d+\b
[翻译] scenario/core/profile 已翻译为 English
[对话生成] 降级到旧生成器
[CAST v2.0] 警告：真实姓名生成器失败，降级到旧逻辑: No module named 'generate_cast_v150'
[CAST v1.5.0] 动态生成角色，scenario=Team strategy meeting...
[CAST v1.5.0] Owner角色: 专业人士, 明确名字: None
[结构化对话] scene_type=generic, scenario=Team strategy meeting...
[DEBUG] 最终 prompt 和模板已写入: D:\ui_auto_test\demo_app\demo\tts_input_debug.txt
[校验] 期望 Speaker 数量: 3
[校验] 实际找到的 Speaker: [1, 2, 3]
[校验] 每个 Speaker 出现次数: {1: 17, 2: 7, 3: 6}
[校验] 缺失的 Speaker: []
[校验] 出现次数不足 2 次的 Speaker: []
[校验] 语言不一致：中文占比 73.66% > 10%
[生成] 第 1 次生成存在问题（scenario_leak=False, language_issue=True），重试...  输出必须是 English，中文占比必须 < 10%。只输出English，不要混入中文。
[对话生成] 降级到旧生成器
[CAST v2.0] 警告：真实姓名生成器失败，降级到旧逻辑: No module named 'generate_cast_v150'
[CAST v1.5.0] 动态生成角色，scenario=Team strategy meeting...
[CAST v1.5.0] Owner角色: 专业人士, 明确名字: None
[结构化对话] scene_type=generic, scenario=Team strategy meeting...
[DEBUG] 最终 prompt 和模板已写入: D:\ui_auto_test\demo_app\demo\tts_input_debug.txt
[校验] 期望 Speaker 数量: 3
[校验] 实际找到的 Speaker: [1, 2, 3]
[校验] 每个 Speaker 出现次数: {1: 17, 2: 7, 3: 6}
[校验] 缺失的 Speaker: []
[校验] 出现次数不足 2 次的 Speaker: []
[校验] 语言不一致：中文占比 74.87% > 10%
[生成] 第 2 次生成存在问题（scenario_leak=False, language_issue=True），重试...  输出必须是 English，中文占比必须 < 10%。只输出English，不要混入中文。
[对话生成] 降级到旧生成器
[CAST v2.0] 警告：真实姓名生成器失败，降级到旧逻辑: No module named 'generate_cast_v150'
[CAST v1.5.0] 动态生成角色，scenario=Team strategy meeting...
[CAST v1.5.0] Owner角色: 专业人士, 明确名字: None
[结构化对话] scene_type=generic, scenario=Team strategy meeting...
[DEBUG] 最终 prompt 和模板已写入: D:\ui_auto_test\demo_app\demo\tts_input_debug.txt
[校验] 期望 Speaker 数量: 3
[校验] 实际找到的 Speaker: [1, 2, 3]
[校验] 每个 Speaker 出现次数: {1: 17, 2: 7, 3: 6}
[校验] 缺失的 Speaker: []
[校验] 出现次数不足 2 次的 Speaker: []
[校验] 语言不一致：中文占比 73.83% > 10%
[生成] 达到最大重试次数，但仍存在问题（scenario_leak=False, language_issue=True）
[v1.4.0] 跨Speaker重复检测失败
================================================================================
跨Speaker重复检测报告
================================================================================

[X] 发现3处完全重复：

  [11行] Speaker2: 每个步骤需要注意什么？
  [13行] Speaker3: 每个步骤需要注意什么？  <- 完全相同！

  [16行] Speaker2: 这个方案听起来不错，能详细说说吗？
  [18行] Speaker3: 这个方案听起来不错，能详细说说吗？  <- 完全相同！

  [21行] Speaker2: 我明白了，这个确实需要注意。
  [23行] Speaker3: 我明白了，这个确实需要注意。  <- 完全相同！

[X] 发现3处高相似度：

  [11行] Speaker2: 每个步骤需要注意什么？
  [13行] Speaker3: 每个步骤需要注意什么？
  相似度: 100%

  [16行] Speaker2: 这个方案听起来不错，能详细说说吗？
  [18行] Speaker3: 这个方案听起来不错，能详细说说吗？
  相似度: 100%

  [21行] Speaker2: 我明白了，这个确实需要注意。
  [23行] Speaker3: 我明白了，这个确实需要注意。
  相似度: 100%

================================================================================

[统计] 总句数:30, 完全重复:3, 近重复:3, 模板句:0 (0.0%)
[生成] 达到最大重试次数，仍存在跨Speaker重复
[修复] 启动强制重复修复...
[修复] ✅ 修复成功：{'total_lines': 30, 'exact_duplicate_count': 0, 'semantic_near_duplicate_count': 0, 'low_info_filler_count': 0, 'low_info_filler_ratio': 0.0, 'is_valid': True}
[去重] 原始行数: 30, 去重后行数: 30
[长度校验] 目标: 600, 实际字符数（不含标签）: 840, 实际字数: 149, 语言: English
[v1.4.0] InfoLedger统计: 8个槽位, 当前章节:澄清背景
[生成] 达到最大重试次数，执行硬截断...
[硬截断] 截断后字符数（不含标签）: 1065, 字数: 188
[随机性] seed = 3051028885 (来自 ul4eetwi_1776050293578)
[DEBUG] 检测结果已追加到: D:\ui_auto_test\demo_app\demo\tts_input_debug.txt
[v1.4.0] Ledger debug已保存: reports/ledger_dialogue_1776050293.json
[A3-Facts] 覆盖率: 100.0% (3/3)
[v1.4.0] Facts debug已保存: reports/facts_dialogue_1776050293.json
[A2-RoleKPI] 🔧 启动强制补齐闭环（people=3）
[A2-RoleKPI] 补齐异常: name 'sys' is not defined
[核心标记修复] 警告：English输出未包含核心标记，强制插入
[核心标记修复] 已在第5行插入核心内容
[后处理] 检测到34处占位符姓名
  - 行0: \bSpeaker\s+\d+\b
  - 行1: \bSpeaker\s+\d+\b
  - 行2: \bSpeaker\s+\d+\b
[翻译] scenario/core/profile 已翻译为 Japanese
[对话生成] 降级到旧生成器
[CAST v2.0] 警告：真实姓名生成器失败，降级到旧逻辑: No module named 'generate_cast_v150'
[CAST v1.5.0] 动态生成角色，scenario=Team strategy meeting...
[CAST v1.5.0] Owner角色: 专业人士, 明确名字: None
[结构化对话] scene_type=generic, scenario=Team strategy meeting...
[DEBUG] 最终 prompt 和模板已写入: D:\ui_auto_test\demo_app\demo\tts_input_debug.txt
[校验] 期望 Speaker 数量: 3
[校验] 实际找到的 Speaker: [1, 2, 3]
[校验] 每个 Speaker 出现次数: {1: 17, 2: 7, 3: 6}
[校验] 缺失的 Speaker: []
[校验] 出现次数不足 2 次的 Speaker: []
[校验] 语言不一致：中文占比 75.03% > 10%
[生成] 第 1 次生成存在问题（scenario_leak=False, language_issue=True），重试...  输出必须是 Japanese，中文占比必须 < 10%。只输出Japanese，不要混入中文。
[对话生成] 降级到旧生成器
[CAST v2.0] 警告：真实姓名生成器失败，降级到旧逻辑: No module named 'generate_cast_v150'
[CAST v1.5.0] 动态生成角色，scenario=Team strategy meeting...
[CAST v1.5.0] Owner角色: 专业人士, 明确名字: None
[结构化对话] scene_type=generic, scenario=Team strategy meeting...
[DEBUG] 最终 prompt 和模板已写入: D:\ui_auto_test\demo_app\demo\tts_input_debug.txt
[校验] 期望 Speaker 数量: 3
[校验] 实际找到的 Speaker: [1, 2, 3]
[校验] 每个 Speaker 出现次数: {1: 17, 2: 7, 3: 6}
[校验] 缺失的 Speaker: []
[校验] 出现次数不足 2 次的 Speaker: []
[校验] 语言不一致：中文占比 72.73% > 10%
[生成] 第 2 次生成存在问题（scenario_leak=False, language_issue=True），重试...  输出必须是 Japanese，中文占比必须 < 10%。只输出Japanese，不要混入中文。
[对话生成] 降级到旧生成器
[CAST v2.0] 警告：真实姓名生成器失败，降级到旧逻辑: No module named 'generate_cast_v150'
[CAST v1.5.0] 动态生成角色，scenario=Team strategy meeting...
[CAST v1.5.0] Owner角色: 专业人士, 明确名字: None
[结构化对话] scene_type=generic, scenario=Team strategy meeting...
[DEBUG] 最终 prompt 和模板已写入: D:\ui_auto_test\demo_app\demo\tts_input_debug.txt
[校验] 期望 Speaker 数量: 3
[校验] 实际找到的 Speaker: [1, 2, 3]
[校验] 每个 Speaker 出现次数: {1: 17, 2: 7, 3: 6}
[校验] 缺失的 Speaker: []
[校验] 出现次数不足 2 次的 Speaker: []
[校验] 语言不一致：中文占比 74.70% > 10%
[生成] 达到最大重试次数，但仍存在问题（scenario_leak=False, language_issue=True）
[v1.4.0] 跨Speaker重复检测失败
================================================================================
跨Speaker重复检测报告
================================================================================

[X] 发现4处完全重复：

  [5行] Speaker2: 我会认真思考这个问题，准备好之后再向您汇报。
  [7行] Speaker3: 我会认真思考这个问题，准备好之后再向您汇报。  <- 完全相同！

  [11行] Speaker2: 每个步骤需要注意什么？
  [13行] Speaker3: 每个步骤需要注意什么？  <- 完全相同！

  [16行] Speaker2: 这个方案听起来不错，能详细说说吗？
  [18行] Speaker3: 这个方案听起来不错，能详细说说吗？  <- 完全相同！

  [21行] Speaker2: 我明白了，这个确实需要注意。
  [23行] Speaker3: 我明白了，这个确实需要注意。  <- 完全相同！

[X] 发现4处高相似度：

  [5行] Speaker2: 我会认真思考这个问题，准备好之后再向您汇报。
  [7行] Speaker3: 我会认真思考这个问题，准备好之后再向您汇报。
  相似度: 100%

  [11行] Speaker2: 每个步骤需要注意什么？
  [13行] Speaker3: 每个步骤需要注意什么？
  相似度: 100%

  [16行] Speaker2: 这个方案听起来不错，能详细说说吗？
  [18行] Speaker3: 这个方案听起来不错，能详细说说吗？
  相似度: 100%

  [21行] Speaker2: 我明白了，这个确实需要注意。
  [23行] Speaker3: 我明白了，这个确实需要注意。
  相似度: 100%

================================================================================

[统计] 总句数:30, 完全重复:4, 近重复:4, 模板句:0 (0.0%)
[生成] 达到最大重试次数，仍存在跨Speaker重复
[修复] 启动强制重复修复...
[修复] ✅ 修复成功：{'total_lines': 30, 'exact_duplicate_count': 0, 'semantic_near_duplicate_count': 0, 'low_info_filler_count': 0, 'low_info_filler_ratio': 0.0, 'is_valid': True}
[去重] 原始行数: 30, 去重后行数: 30
[长度校验] 目标: 600, 实际字符数（不含标签）: 841, 实际字数: 151, 语言: Japanese
[v1.4.0] InfoLedger统计: 8个槽位, 当前章节:澄清背景
[生成] 达到最大重试次数，执行硬截断...
[硬截断] 截断后字符数（不含标签）: 1066, 字数: 190
[随机性] seed = 2376696660 (来自 aq9vym3t_1776050300664)
[DEBUG] 检测结果已追加到: D:\ui_auto_test\demo_app\demo\tts_input_debug.txt
[v1.4.0] Ledger debug已保存: reports/ledger_dialogue_1776050300.json
[A3-Facts] 覆盖率: 100.0% (3/3)
[v1.4.0] Facts debug已保存: reports/facts_dialogue_1776050300.json
[A2-RoleKPI] 🔧 启动强制补齐闭环（people=3）
[A2-RoleKPI] 补齐异常: name 'sys' is not defined
[核心标记修复] 警告：Japanese输出未包含核心标记，强制插入
[核心标记修复] 已在第5行插入核心内容
[后处理] 检测到34处占位符姓名
  - 行0: \bSpeaker\s+\d+\b
  - 行1: \bSpeaker\s+\d+\b
  - 行2: \bSpeaker\s+\d+\b
[翻译] scenario/core/profile 已翻译为 Korean
[对话生成] 降级到旧生成器
[CAST v2.0] 警告：真实姓名生成器失败，降级到旧逻辑: No module named 'generate_cast_v150'
[CAST v1.5.0] 动态生成角色，scenario=Team strategy meeting...
[CAST v1.5.0] Owner角色: 专业人士, 明确名字: None
[结构化对话] scene_type=generic, scenario=Team strategy meeting...
[DEBUG] 最终 prompt 和模板已写入: D:\ui_auto_test\demo_app\demo\tts_input_debug.txt
[校验] 期望 Speaker 数量: 3
[校验] 实际找到的 Speaker: [1, 2, 3]
[校验] 每个 Speaker 出现次数: {1: 17, 2: 7, 3: 6}
[校验] 缺失的 Speaker: []
[校验] 出现次数不足 2 次的 Speaker: []
[校验] 语言不一致：中文占比 73.66% > 10%
[生成] 第 1 次生成存在问题（scenario_leak=False, language_issue=True），重试...  输出必须是 Korean，中文占比必须 < 10%。只输出Korean，不要混入中文。
[对话生成] 降级到旧生成器
[CAST v2.0] 警告：真实姓名生成器失败，降级到旧逻辑: No module named 'generate_cast_v150'
[CAST v1.5.0] 动态生成角色，scenario=Team strategy meeting...
[CAST v1.5.0] Owner角色: 专业人士, 明确名字: None
[结构化对话] scene_type=generic, scenario=Team strategy meeting...
[DEBUG] 最终 prompt 和模板已写入: D:\ui_auto_test\demo_app\demo\tts_input_debug.txt
[校验] 期望 Speaker 数量: 3
[校验] 实际找到的 Speaker: [1, 2, 3]
[校验] 每个 Speaker 出现次数: {1: 17, 2: 7, 3: 6}
[校验] 缺失的 Speaker: []
[校验] 出现次数不足 2 次的 Speaker: []
[校验] 语言不一致：中文占比 73.07% > 10%
[生成] 第 2 次生成存在问题（scenario_leak=False, language_issue=True），重试...  输出必须是 Korean，中文占比必须 < 10%。只输出Korean，不要混入中文。
[对话生成] 降级到旧生成器
[CAST v2.0] 警告：真实姓名生成器失败，降级到旧逻辑: No module named 'generate_cast_v150'
[CAST v1.5.0] 动态生成角色，scenario=Team strategy meeting...
[CAST v1.5.0] Owner角色: 专业人士, 明确名字: None
[结构化对话] scene_type=generic, scenario=Team strategy meeting...
[DEBUG] 最终 prompt 和模板已写入: D:\ui_auto_test\demo_app\demo\tts_input_debug.txt
[校验] 期望 Speaker 数量: 3
[校验] 实际找到的 Speaker: [1, 2, 3]
[校验] 每个 Speaker 出现次数: {1: 17, 2: 7, 3: 6}
[校验] 缺失的 Speaker: []
[校验] 出现次数不足 2 次的 Speaker: []
[校验] 语言不一致：中文占比 72.45% > 10%
[生成] 达到最大重试次数，但仍存在问题（scenario_leak=False, language_issue=True）
[v1.4.0] 跨Speaker重复检测失败
================================================================================
跨Speaker重复检测报告
================================================================================

[X] 发现3处完全重复：

  [11行] Speaker2: 每个步骤需要注意什么？
  [13行] Speaker3: 每个步骤需要注意什么？  <- 完全相同！

  [16行] Speaker2: 这个方案听起来不错，能详细说说吗？
  [18行] Speaker3: 这个方案听起来不错，能详细说说吗？  <- 完全相同！

  [21行] Speaker2: 我明白了，这个确实需要注意。
  [23行] Speaker3: 我明白了，这个确实需要注意。  <- 完全相同！

[X] 发现3处高相似度：

  [11行] Speaker2: 每个步骤需要注意什么？
  [13行] Speaker3: 每个步骤需要注意什么？
  相似度: 100%

  [16行] Speaker2: 这个方案听起来不错，能详细说说吗？
  [18行] Speaker3: 这个方案听起来不错，能详细说说吗？
  相似度: 100%

  [21行] Speaker2: 我明白了，这个确实需要注意。
  [23行] Speaker3: 我明白了，这个确实需要注意。
  相似度: 100%

================================================================================

[统计] 总句数:30, 完全重复:3, 近重复:3, 模板句:0 (0.0%)
[生成] 达到最大重试次数，仍存在跨Speaker重复
[修复] 启动强制重复修复...
[修复] ✅ 修复成功：{'total_lines': 30, 'exact_duplicate_count': 0, 'semantic_near_duplicate_count': 0, 'low_info_filler_count': 0, 'low_info_filler_ratio': 0.0, 'is_valid': True}
[去重] 原始行数: 30, 去重后行数: 30
[长度校验] 目标: 600, 实际字符数（不含标签）: 845, 实际字数: 149, 语言: Korean
[v1.4.0] InfoLedger统计: 10个槽位, 当前章节:澄清背景
[生成] 达到最大重试次数，执行硬截断...
[硬截断] 截断后字符数（不含标签）: 1070, 字数: 188
[随机性] seed = 351978651 (来自 yijy31bm_1776050307626)
[DEBUG] 检测结果已追加到: D:\ui_auto_test\demo_app\demo\tts_input_debug.txt
[v1.4.0] Ledger debug已保存: reports/ledger_dialogue_1776050307.json
[A3-Facts] 覆盖率: 100.0% (3/3)
[v1.4.0] Facts debug已保存: reports/facts_dialogue_1776050307.json
[A2-RoleKPI] 🔧 启动强制补齐闭环（people=3）
[A2-RoleKPI] 补齐异常: name 'sys' is not defined
[核心标记修复] 警告：Korean输出未包含核心标记，强制插入
[核心标记修复] 已在第5行插入核心内容
[后处理] 检测到34处占位符姓名
  - 行0: \bSpeaker\s+\d+\b
  - 行1: \bSpeaker\s+\d+\b
  - 行2: \bSpeaker\s+\d+\b
[翻译] scenario/core/profile 已翻译为 Chinese
[对话生成] 降级到旧生成器
[CAST v2.0] 警告：真实姓名生成器失败，降级到旧逻辑: No module named 'generate_cast_v150'
[CAST v1.5.0] 动态生成角色，scenario=Medical dialogue about patient follow-up...
[CAST v1.5.0] Owner角色: 专业人士, 明确名字: None
[结构化对话] scene_type=medical_consult, scenario=Medical dialogue about patient follow-up...
[DEBUG] 最终 prompt 和模板已写入: D:\ui_auto_test\demo_app\demo\tts_input_debug.txt
[校验] 期望 Speaker 数量: 2
[校验] 实际找到的 Speaker: [1, 2]
[校验] 每个 Speaker 出现次数: {1: 17, 2: 11}
[校验] 缺失的 Speaker: []
[校验] 出现次数不足 2 次的 Speaker: []
[校验] 语言不一致：中文占比 25.61% > 10%
[生成] 第 1 次生成存在问题（scenario_leak=False, language_issue=True），重试...  输出必须是 Chinese，中文占比必须 < 10%。只输出Chinese，不要混入中文。
[对话生成] 降级到旧生成器
[CAST v2.0] 警告：真实姓名生成器失败，降级到旧逻辑: No module named 'generate_cast_v150'
[CAST v1.5.0] 动态生成角色，scenario=Medical dialogue about patient follow-up...
[CAST v1.5.0] Owner角色: 专业人士, 明确名字: None
[结构化对话] scene_type=medical_consult, scenario=Medical dialogue about patient follow-up...
[DEBUG] 最终 prompt 和模板已写入: D:\ui_auto_test\demo_app\demo\tts_input_debug.txt
[校验] 期望 Speaker 数量: 2
[校验] 实际找到的 Speaker: [1, 2]
[校验] 每个 Speaker 出现次数: {1: 17, 2: 11}
[校验] 缺失的 Speaker: []
[校验] 出现次数不足 2 次的 Speaker: []
[校验] 语言不一致：中文占比 25.58% > 10%
[生成] 第 2 次生成存在问题（scenario_leak=False, language_issue=True），重试...  输出必须是 Chinese，中文占比必须 < 10%。只输出Chinese，不要混入中文。
[对话生成] 降级到旧生成器
[CAST v2.0] 警告：真实姓名生成器失败，降级到旧逻辑: No module named 'generate_cast_v150'
[CAST v1.5.0] 动态生成角色，scenario=Medical dialogue about patient follow-up...
[CAST v1.5.0] Owner角色: 专业人士, 明确名字: None
[结构化对话] scene_type=medical_consult, scenario=Medical dialogue about patient follow-up...
[DEBUG] 最终 prompt 和模板已写入: D:\ui_auto_test\demo_app\demo\tts_input_debug.txt
[校验] 期望 Speaker 数量: 2
[校验] 实际找到的 Speaker: [1, 2]
[校验] 每个 Speaker 出现次数: {1: 17, 2: 11}
[校验] 缺失的 Speaker: []
[校验] 出现次数不足 2 次的 Speaker: []
[校验] 语言不一致：中文占比 25.86% > 10%
[生成] 达到最大重试次数，但仍存在问题（scenario_leak=False, language_issue=True）
[v1.4.0] 跨Speaker重复检测失败
================================================================================
跨Speaker重复检测报告
================================================================================

[X] 发现2处高相似度：

  [15行] Speaker2: 这个方案听起来不错，能详细说说吗？
  [17行] Speaker2: 这个方案听起来不错，能详细说说吗？
  相似度: 100%

  [20行] Speaker2: 我明白了，这个确实需要注意。
  [22行] Speaker2: 我明白了，这个确实需要注意。
  相似度: 100%

================================================================================

[统计] 总句数:28, 完全重复:0, 近重复:2, 模板句:0 (0.0%)
[生成] 达到最大重试次数，仍存在跨Speaker重复
[修复] 启动强制重复修复...
[修复] ⚠️ 仍有问题，但已尽力修复：{'total_lines': 28, 'exact_duplicate_count': 0, 'semantic_near_duplicate_count': 2, 'low_info_filler_count': 0, 'low_info_filler_ratio': 0.0, 'is_valid': False}
[修复] 已删除低信息句(保护前4行)，剩余25行
[去重] 原始行数: 25, 去重后行数: 25
[长度校验] 目标: 800, 实际字符数（不含标签）: 2300, 实际字数: 447, 语言: Chinese
[v1.4.0] InfoLedger统计: 11个槽位, 当前章节:澄清背景
[生成] 达到最大重试次数，执行硬截断...
[硬截断] 截断后字符数（不含标签）: 2450, 字数: 473
[随机性] seed = 407723200 (来自 m1fq6kya_1776050390955)
[DEBUG] 检测结果已追加到: D:\ui_auto_test\demo_app\demo\tts_input_debug.txt
[v1.4.0] Ledger debug已保存: reports/ledger_dialogue_1776050390.json
[A3-Facts] 覆盖率: 3.6% (1/28)
[A3-Facts] 缺失: ['F3', 'F4', 'F5', 'F6', 'F7', 'F8', 'F9', 'F10', 'F12', 'F13', 'F14', 'F16', 'F17', 'F18', 'F19', 'F20', 'F21', 'F22', 'F23', 'F24', 'F25', 'F26', 'F27', 'F28', 'F29', 'F30', 'F31']
[v1.4.0] Facts debug已保存: reports/facts_dialogue_1776050390.json
[A2-RoleKPI] 跳过（people=2 < 3）
[核心标记修复] 警告：Chinese输出未包含核心标记，强制插入
[核心标记修复] 已在第5行插入核心内容
[后处理] 检测到28处占位符姓名
  - 行0: \bSpeaker\s+\d+\b
  - 行1: \bSpeaker\s+\d+\b
  - 行2: \bSpeaker\s+\d+\b
[翻译] scenario/core/profile 已翻译为 English
[对话生成] 降级到旧生成器
[CAST v2.0] 警告：真实姓名生成器失败，降级到旧逻辑: No module named 'generate_cast_v150'
[CAST v1.5.0] 动态生成角色，scenario=Financial investment strategy discussion...
[CAST v1.5.0] Owner角色: 专业人士, 明确名字: None
[结构化对话] scene_type=investment_pitch, scenario=Financial investment strategy discussion...
[DEBUG] 最终 prompt 和模板已写入: D:\ui_auto_test\demo_app\demo\tts_input_debug.txt
[校验] 期望 Speaker 数量: 2
[校验] 实际找到的 Speaker: [1, 2]
[校验] 每个 Speaker 出现次数: {1: 17, 2: 11}
[校验] 缺失的 Speaker: []
[校验] 出现次数不足 2 次的 Speaker: []
[校验] 语言不一致：中文占比 80.17% > 10%
[生成] 第 1 次生成存在问题（scenario_leak=False, language_issue=True），重试...  输出必须是 English，中文占比必须 < 10%。只输出English，不要混入中文。
[对话生成] 降级到旧生成器
[CAST v2.0] 警告：真实姓名生成器失败，降级到旧逻辑: No module named 'generate_cast_v150'
[CAST v1.5.0] 动态生成角色，scenario=Financial investment strategy discussion...
[CAST v1.5.0] Owner角色: 专业人士, 明确名字: None
[结构化对话] scene_type=investment_pitch, scenario=Financial investment strategy discussion...
[DEBUG] 最终 prompt 和模板已写入: D:\ui_auto_test\demo_app\demo\tts_input_debug.txt
[Domain KB] 加载失败 (D:\ui_auto_test\demo_app\runtime\cache\embedded_bundle\modules\domain_kb\generic.json): [Errno 2] No such file or directory: 'D:\\ui_auto_test\\demo_app\\runtime\\cache\\embedded_bundle\\modules\\domain_kb\\generic.json'
[Fallback] 使用旧模板: 变更管理流程要规范。...
[Domain KB] 注入术语(1): 质量目标 / 效率指标 = 72%
[扩写] 本次添加 4 行对话，注入1句术语，约 121 字
[校验] 期望 Speaker 数量: 2
[校验] 实际找到的 Speaker: [1, 2]
[校验] 每个 Speaker 出现次数: {1: 19, 2: 13}
[校验] 缺失的 Speaker: []
[校验] 出现次数不足 2 次的 Speaker: []
[校验] 语言不一致：中文占比 75.93% > 10%
[生成] 第 2 次生成存在问题（scenario_leak=False, language_issue=True），重试...  输出必须是 English，中文占比必须 < 10%。只输出English，不要混入中文。
[对话生成] 降级到旧生成器
[CAST v2.0] 警告：真实姓名生成器失败，降级到旧逻辑: No module named 'generate_cast_v150'
[CAST v1.5.0] 动态生成角色，scenario=Financial investment strategy discussion...
[CAST v1.5.0] Owner角色: 专业人士, 明确名字: None
[结构化对话] scene_type=investment_pitch, scenario=Financial investment strategy discussion...
[DEBUG] 最终 prompt 和模板已写入: D:\ui_auto_test\demo_app\demo\tts_input_debug.txt
[校验] 期望 Speaker 数量: 2
[校验] 实际找到的 Speaker: [1, 2]
[校验] 每个 Speaker 出现次数: {1: 17, 2: 11}
[校验] 缺失的 Speaker: []
[校验] 出现次数不足 2 次的 Speaker: []
[校验] 语言不一致：中文占比 80.08% > 10%
[生成] 达到最大重试次数，但仍存在问题（scenario_leak=False, language_issue=True）
[v1.4.0] 跨Speaker重复检测失败
================================================================================
跨Speaker重复检测报告
================================================================================

[X] 发现4处高相似度：

  [6行] Speaker2: 您提的这个问题很关键，让我仔细考虑后再正式回复您。
  [8行] Speaker2: 您提的这个问题很关键，让我仔细考虑后再正式回复您。
  相似度: 100%

  [10行] Speaker2: 每个步骤需要注意什么？
  [12行] Speaker2: 每个步骤需要注意什么？
  相似度: 100%

  [15行] Speaker2: 这个方案听起来不错，能详细说说吗？
  [17行] Speaker2: 这个方案听起来不错，能详细说说吗？
  相似度: 100%

  [20行] Speaker2: 我明白了，这个确实需要注意。
  [22行] Speaker2: 我明白了，这个确实需要注意。
  相似度: 100%

================================================================================

[统计] 总句数:28, 完全重复:0, 近重复:4, 模板句:0 (0.0%)
[生成] 达到最大重试次数，仍存在跨Speaker重复
[修复] 启动强制重复修复...
[修复] ⚠️ 仍有问题，但已尽力修复：{'total_lines': 28, 'exact_duplicate_count': 0, 'semantic_near_duplicate_count': 4, 'low_info_filler_count': 0, 'low_info_filler_ratio': 0.0, 'is_valid': False}
[修复] 已删除低信息句(保护前4行)，剩余24行
[去重] 原始行数: 24, 去重后行数: 24
[长度校验] 目标: 800, 实际字符数（不含标签）: 662, 实际字数: 118, 语言: English
[v1.4.0] InfoLedger统计: 9个槽位, 当前章节:澄清背景
[随机性] seed = 3374121780 (来自 w8a7281g_1776050396323)
[扩写] 英语模式：尝试使用 V2ReviewExpander
[扩写] V2ReviewExpander 失败，降级到旧扩写器: name 'sys' is not defined
[扩写] 第 1 轮，当前字符数: 662, 缺口: 138, 目标: 720~840
[Fallback] 使用旧模板: 培训计划要根据团队需求制定。...
[Domain KB] 注入术语(1): 绩效指标 / 完成率 = 85%
[扩写] 本次添加 4 行对话，注入1句术语，约 124 字
[扩写] 追加 4 行，当前字符数: 776
[DEBUG] 检测结果已追加到: D:\ui_auto_test\demo_app\demo\tts_input_debug.txt
[v1.4.0] Ledger debug已保存: reports/ledger_dialogue_1776050396.json
[A3-Facts] 覆盖率: 100.0% (1/1)
[v1.4.0] Facts debug已保存: reports/facts_dialogue_1776050396.json
[A2-RoleKPI] 跳过（people=2 < 3）
[核心标记修复] 警告：English输出未包含核心标记，强制插入
[核心标记修复] 已在第5行插入核心内容
[后处理] 检测到29处占位符姓名
  - 行0: \bSpeaker\s+\d+\b
  - 行1: \bSpeaker\s+\d+\b
  - 行2: \bSpeaker\s+\d+\b
[翻译] scenario/core/profile 已翻译为 Japanese
[对话生成] 降级到旧生成器
[CAST v2.0] 警告：真实姓名生成器失败，降级到旧逻辑: No module named 'generate_cast_v150'
[CAST v1.5.0] 动态生成角色，scenario=AI tech product roadmap review...
[CAST v1.5.0] Owner角色: 专业人士, 明确名字: None
[结构化对话] scene_type=it_review, scenario=AI tech product roadmap review...
[DEBUG] 最终 prompt 和模板已写入: D:\ui_auto_test\demo_app\demo\tts_input_debug.txt
[Domain KB] 加载失败 (D:\ui_auto_test\demo_app\runtime\cache\embedded_bundle\modules\domain_kb\generic.json): [Errno 2] No such file or directory: 'D:\\ui_auto_test\\demo_app\\runtime\\cache\\embedded_bundle\\modules\\domain_kb\\generic.json'
[Fallback] 使用旧模板: 沟通机制的建立很重要。...
[Domain KB] 注入术语(1): 绩效指标 / 完成率 = 92%
[扩写] 本次添加 4 行对话，注入1句术语，约 119 字
[校验] 期望 Speaker 数量: 2
[校验] 实际找到的 Speaker: [1, 2]
[校验] 每个 Speaker 出现次数: {1: 20, 2: 12}
[校验] 缺失的 Speaker: []
[校验] 出现次数不足 2 次的 Speaker: []
[校验] 语言不一致：中文占比 74.15% > 10%
[生成] 第 1 次生成存在问题（scenario_leak=False, language_issue=True），重试...  输出必须是 Japanese，中文占比必须 < 10%。只输出Japanese，不要混入中文。
[对话生成] 降级到旧生成器
[CAST v2.0] 警告：真实姓名生成器失败，降级到旧逻辑: No module named 'generate_cast_v150'
[CAST v1.5.0] 动态生成角色，scenario=AI tech product roadmap review...
[CAST v1.5.0] Owner角色: 专业人士, 明确名字: None
[结构化对话] scene_type=it_review, scenario=AI tech product roadmap review...
[DEBUG] 最终 prompt 和模板已写入: D:\ui_auto_test\demo_app\demo\tts_input_debug.txt
[Fallback] 使用旧模板: 知识管理要做好经验积累。...
[Domain KB] 注入术语(1): 工作进度 / 完成率 = 78%
[扩写] 本次添加 4 行对话，注入1句术语，约 116 字
[校验] 期望 Speaker 数量: 2
[校验] 实际找到的 Speaker: [1, 2]
[校验] 每个 Speaker 出现次数: {1: 20, 2: 12}
[校验] 缺失的 Speaker: []
[校验] 出现次数不足 2 次的 Speaker: []
[校验] 语言不一致：中文占比 74.50% > 10%
[生成] 第 2 次生成存在问题（scenario_leak=False, language_issue=True），重试...  输出必须是 Japanese，中文占比必须 < 10%。只输出Japanese，不要混入中文。
[对话生成] 降级到旧生成器
[CAST v2.0] 警告：真实姓名生成器失败，降级到旧逻辑: No module named 'generate_cast_v150'
[CAST v1.5.0] 动态生成角色，scenario=AI tech product roadmap review...
[CAST v1.5.0] Owner角色: 专业人士, 明确名字: None
[结构化对话] scene_type=it_review, scenario=AI tech product roadmap review...
[DEBUG] 最终 prompt 和模板已写入: D:\ui_auto_test\demo_app\demo\tts_input_debug.txt
[Fallback] 使用旧模板: 相关方管理需要重视。...
[Domain KB] 注入术语(1): 工作进度 / 准确率 = 82%
[扩写] 本次添加 4 行对话，注入1句术语，约 119 字
[校验] 期望 Speaker 数量: 2
[校验] 实际找到的 Speaker: [1, 2]
[校验] 每个 Speaker 出现次数: {1: 19, 2: 13}
[校验] 缺失的 Speaker: []
[校验] 出现次数不足 2 次的 Speaker: []
[校验] 语言不一致：中文占比 74.57% > 10%
[生成] 达到最大重试次数，但仍存在问题（scenario_leak=False, language_issue=True）
[v1.4.0] 跨Speaker重复检测失败
================================================================================
跨Speaker重复检测报告
================================================================================

[X] 发现3处高相似度：

  [10行] Speaker2: 每个步骤需要注意什么？
  [12行] Speaker2: 每个步骤需要注意什么？
  相似度: 100%

  [15行] Speaker2: 这个方案听起来不错，能详细说说吗？
  [17行] Speaker2: 这个方案听起来不错，能详细说说吗？
  相似度: 100%

  [20行] Speaker2: 我明白了，这个确实需要注意。
  [22行] Speaker2: 我明白了，这个确实需要注意。
  相似度: 100%

================================================================================

[统计] 总句数:32, 完全重复:0, 近重复:3, 模板句:0 (0.0%)
[生成] 达到最大重试次数，仍存在跨Speaker重复
[修复] 启动强制重复修复...
[修复] ⚠️ 仍有问题，但已尽力修复：{'total_lines': 32, 'exact_duplicate_count': 0, 'semantic_near_duplicate_count': 3, 'low_info_filler_count': 0, 'low_info_filler_ratio': 0.0, 'is_valid': False}
[修复] 已删除低信息句(保护前4行)，剩余25行
[去重] 原始行数: 25, 去重后行数: 25
[长度校验] 目标: 800, 实际字符数（不含标签）: 712, 实际字数: 131, 语言: Japanese
[v1.4.0] InfoLedger统计: 10个槽位, 当前章节:澄清背景
[随机性] seed = 3276122636 (来自 c8fvelei_1776050401365)
[扩写] 英语模式：尝试使用 V2ReviewExpander
[扩写] V2ReviewExpander 失败，降级到旧扩写器: name 'sys' is not defined
[扩写] 第 1 轮，当前字符数: 712, 缺口: 88, 目标: 720~840
[Fallback] 使用旧模板: 相关方管理需要重视。...
[Domain KB] 注入术语(1): 质量目标 / 完成率 = 78%
[扩写] 本次添加 4 行对话，注入1句术语，约 119 字
[扩写] 追加 4 行，当前字符数: 821
[DEBUG] 检测结果已追加到: D:\ui_auto_test\demo_app\demo\tts_input_debug.txt
[v1.4.0] Ledger debug已保存: reports/ledger_dialogue_1776050401.json
[A3-Facts] 覆盖率: 100.0% (1/1)
[v1.4.0] Facts debug已保存: reports/facts_dialogue_1776050401.json
[A2-RoleKPI] 跳过（people=2 < 3）
[核心标记修复] 警告：Japanese输出未包含核心标记，强制插入
[核心标记修复] 已在第5行插入核心内容
[后处理] 检测到30处占位符姓名
  - 行0: \bSpeaker\s+\d+\b
  - 行1: \bSpeaker\s+\d+\b
  - 行2: \bSpeaker\s+\d+\b
[翻译] scenario/core/profile 已翻译为 Korean
[对话生成] 降级到旧生成器
[CAST v2.0] 警告：真实姓名生成器失败，降级到旧逻辑: No module named 'generate_cast_v150'
[CAST v1.5.0] 动态生成角色，scenario=HR recruitment planning meeting...
[CAST v1.5.0] Owner角色: 专业人士, 明确名字: None
[结构化对话] scene_type=recruitment, scenario=HR recruitment planning meeting...
[DEBUG] 最终 prompt 和模板已写入: D:\ui_auto_test\demo_app\demo\tts_input_debug.txt
[Domain KB] 加载失败 (D:\ui_auto_test\demo_app\runtime\cache\embedded_bundle\modules\domain_kb\generic.json): [Errno 2] No such file or directory: 'D:\\ui_auto_test\\demo_app\\runtime\\cache\\embedded_bundle\\modules\\domain_kb\\generic.json'
[Fallback] 使用旧模板: 关于项目进度，我们需要制定明确的时间表。...
[Domain KB] 注入术语(1): 项目计划 / 准确率 = 72%
[扩写] 本次添加 4 行对话，注入1句术语，约 133 字
[校验] 期望 Speaker 数量: 2
[校验] 实际找到的 Speaker: [1, 2]
[校验] 每个 Speaker 出现次数: {1: 20, 2: 12}
[校验] 缺失的 Speaker: []
[校验] 出现次数不足 2 次的 Speaker: []
[校验] 语言不一致：中文占比 76.00% > 10%
[生成] 第 1 次生成存在问题（scenario_leak=False, language_issue=True），重试...  输出必须是 Korean，中文占比必须 < 10%。只输出Korean，不要混入中文。
[对话生成] 降级到旧生成器
[CAST v2.0] 警告：真实姓名生成器失败，降级到旧逻辑: No module named 'generate_cast_v150'
[CAST v1.5.0] 动态生成角色，scenario=HR recruitment planning meeting...
[CAST v1.5.0] Owner角色: 专业人士, 明确名字: None
[结构化对话] scene_type=recruitment, scenario=HR recruitment planning meeting...
[DEBUG] 最终 prompt 和模板已写入: D:\ui_auto_test\demo_app\demo\tts_input_debug.txt
[Fallback] 使用旧模板: 成本预算需要合理规划。...
[Domain KB] 注入术语(1): 执行方案 / 效率指标 = 75%
[扩写] 本次添加 4 行对话，注入1句术语，约 124 字
[校验] 期望 Speaker 数量: 2
[校验] 实际找到的 Speaker: [1, 2]
[校验] 每个 Speaker 出现次数: {1: 20, 2: 12}
[校验] 缺失的 Speaker: []
[校验] 出现次数不足 2 次的 Speaker: []
[校验] 语言不一致：中文占比 74.85% > 10%
[生成] 第 2 次生成存在问题（scenario_leak=False, language_issue=True），重试...  输出必须是 Korean，中文占比必须 < 10%。只输出Korean，不要混入中文。
[对话生成] 降级到旧生成器
[CAST v2.0] 警告：真实姓名生成器失败，降级到旧逻辑: No module named 'generate_cast_v150'
[CAST v1.5.0] 动态生成角色，scenario=HR recruitment planning meeting...
[CAST v1.5.0] Owner角色: 专业人士, 明确名字: None
[结构化对话] scene_type=recruitment, scenario=HR recruitment planning meeting...
[DEBUG] 最终 prompt 和模板已写入: D:\ui_auto_test\demo_app\demo\tts_input_debug.txt
[Fallback] 使用旧模板: 关于资源配置，要确保关键资源到位。...
[Domain KB] 注入术语(1): 工作进度 / 完成率 = 95%
[扩写] 本次添加 4 行对话，注入1句术语，约 127 字
[校验] 期望 Speaker 数量: 2
[校验] 实际找到的 Speaker: [1, 2]
[校验] 每个 Speaker 出现次数: {1: 20, 2: 12}
[校验] 缺失的 Speaker: []
[校验] 出现次数不足 2 次的 Speaker: []
[校验] 语言不一致：中文占比 74.69% > 10%
[生成] 达到最大重试次数，但仍存在问题（scenario_leak=False, language_issue=True）
[v1.4.0] 跨Speaker重复检测失败
================================================================================
跨Speaker重复检测报告
================================================================================

[X] 发现4处高相似度：

  [6行] Speaker2: 这方面我需要再了解一下，下次讨论时我会准备好详细的答案。
  [8行] Speaker2: 这方面我需要再了解一下，下次讨论时我会准备好详细的答案。
  相似度: 100%

  [10行] Speaker2: 每个步骤需要注意什么？
  [12行] Speaker2: 每个步骤需要注意什么？
  相似度: 100%

  [15行] Speaker2: 这个方案听起来不错，能详细说说吗？
  [17行] Speaker2: 这个方案听起来不错，能详细说说吗？
  相似度: 100%

  [20行] Speaker2: 我明白了，这个确实需要注意。
  [22行] Speaker2: 我明白了，这个确实需要注意。
  相似度: 100%

================================================================================

[统计] 总句数:32, 完全重复:0, 近重复:4, 模板句:0 (0.0%)
[生成] 达到最大重试次数，仍存在跨Speaker重复
[修复] 启动强制重复修复...
[修复] ⚠️ 仍有问题，但已尽力修复：{'total_lines': 32, 'exact_duplicate_count': 0, 'semantic_near_duplicate_count': 4, 'low_info_filler_count': 0, 'low_info_filler_ratio': 0.0, 'is_valid': False}
[修复] 已删除低信息句(保护前4行)，剩余27行
[去重] 原始行数: 27, 去重后行数: 27
[长度校验] 目标: 800, 实际字符数（不含标签）: 753, 实际字数: 139, 语言: Korean
[v1.4.0] InfoLedger统计: 9个槽位, 当前章节:澄清背景
[随机性] seed = 2102662925 (来自 0moco4zq_1776050407053)
[DEBUG] 检测结果已追加到: D:\ui_auto_test\demo_app\demo\tts_input_debug.txt
[v1.4.0] Ledger debug已保存: reports/ledger_dialogue_1776050407.json
[A3-Facts] 覆盖率: 100.0% (1/1)
[v1.4.0] Facts debug已保存: reports/facts_dialogue_1776050407.json
[A2-RoleKPI] 跳过（people=2 < 3）
[核心标记修复] 警告：Korean输出未包含核心标记，强制插入
[核心标记修复] 已在第5行插入核心内容
[后处理] 检测到28处占位符姓名
  - 行0: \bSpeaker\s+\d+\b
  - 行1: \bSpeaker\s+\d+\b
  - 行2: \bSpeaker\s+\d+\b
[翻译] scenario/core/profile 已翻译为 Chinese
[对话生成] 降级到旧生成器
[CAST v2.0] 警告：真实姓名生成器失败，降级到旧逻辑: No module named 'generate_cast_v150'
[CAST v1.5.0] 动态生成角色，scenario=Test...
[CAST v1.5.0] Owner角色: 专业人士, 明确名字: None
[结构化对话] scene_type=generic, scenario=Test...
[DEBUG] 最终 prompt 和模板已写入: D:\ui_auto_test\demo_app\demo\tts_input_debug.txt
[校验] 期望 Speaker 数量: 2
[校验] 实际找到的 Speaker: [1, 2]
[校验] 每个 Speaker 出现次数: {1: 17, 2: 11}
[校验] 缺失的 Speaker: []
[校验] 出现次数不足 2 次的 Speaker: []
[校验] 语言不一致：中文占比 27.37% > 10%
[生成] 第 1 次生成存在问题（scenario_leak=False, language_issue=True），重试...  输出必须是 Chinese，中文占比必须 < 10%。只输出Chinese，不要混入中文。
[对话生成] 降级到旧生成器
[CAST v2.0] 警告：真实姓名生成器失败，降级到旧逻辑: No module named 'generate_cast_v150'
[CAST v1.5.0] 动态生成角色，scenario=Test...
[CAST v1.5.0] Owner角色: 专业人士, 明确名字: None
[结构化对话] scene_type=generic, scenario=Test...
[DEBUG] 最终 prompt 和模板已写入: D:\ui_auto_test\demo_app\demo\tts_input_debug.txt
[校验] 期望 Speaker 数量: 2
[校验] 实际找到的 Speaker: [1, 2]
[校验] 每个 Speaker 出现次数: {1: 17, 2: 11}
[校验] 缺失的 Speaker: []
[校验] 出现次数不足 2 次的 Speaker: []
[校验] 语言不一致：中文占比 27.64% > 10%
[生成] 第 2 次生成存在问题（scenario_leak=False, language_issue=True），重试...  输出必须是 Chinese，中文占比必须 < 10%。只输出Chinese，不要混入中文。
[对话生成] 降级到旧生成器
[CAST v2.0] 警告：真实姓名生成器失败，降级到旧逻辑: No module named 'generate_cast_v150'
[CAST v1.5.0] 动态生成角色，scenario=Test...
[CAST v1.5.0] Owner角色: 专业人士, 明确名字: None
[结构化对话] scene_type=generic, scenario=Test...
[DEBUG] 最终 prompt 和模板已写入: D:\ui_auto_test\demo_app\demo\tts_input_debug.txt
[校验] 期望 Speaker 数量: 2
[校验] 实际找到的 Speaker: [1, 2]
[校验] 每个 Speaker 出现次数: {1: 17, 2: 11}
[校验] 缺失的 Speaker: []
[校验] 出现次数不足 2 次的 Speaker: []
[校验] 语言不一致：中文占比 27.03% > 10%
[生成] 达到最大重试次数，但仍存在问题（scenario_leak=False, language_issue=True）
[v1.4.0] 跨Speaker重复检测失败
================================================================================
跨Speaker重复检测报告
================================================================================

[X] 发现6处高相似度：

  [4行] Speaker2: 这个我需要回去确认一下，明天给您答复可以吗？
  [6行] Speaker2: 这个我需要回去确认一下，明天给您答复可以吗？
  相似度: 100%

  [4行] Speaker2: 这个我需要回去确认一下，明天给您答复可以吗？
  [8行] Speaker2: 这个我需要回去确认一下，明天给您答复可以吗？
  相似度: 100%

  [6行] Speaker2: 这个我需要回去确认一下，明天给您答复可以吗？
  [8行] Speaker2: 这个我需要回去确认一下，明天给您答复可以吗？
  相似度: 100%

  [10行] Speaker2: 每个步骤需要注意什么？
  [12行] Speaker2: 每个步骤需要注意什么？
  相似度: 100%

  [15行] Speaker2: 这个方案听起来不错，能详细说说吗？
  [17行] Speaker2: 这个方案听起来不错，能详细说说吗？
  相似度: 100%

  [20行] Speaker2: 我明白了，这个确实需要注意。
  [22行] Speaker2: 我明白了，这个确实需要注意。
  相似度: 100%

================================================================================

[统计] 总句数:28, 完全重复:0, 近重复:6, 模板句:0 (0.0%)
[生成] 达到最大重试次数，仍存在跨Speaker重复
[修复] 启动强制重复修复...
[修复] ⚠️ 仍有问题，但已尽力修复：{'total_lines': 28, 'exact_duplicate_count': 0, 'semantic_near_duplicate_count': 6, 'low_info_filler_count': 0, 'low_info_filler_ratio': 0.0, 'is_valid': False}
[修复] 已删除低信息句(保护前4行)，剩余22行
[去重] 原始行数: 22, 去重后行数: 22
[长度校验] 目标: 500, 实际字符数（不含标签）: 1921, 实际字数: 361, 语言: Chinese
[v1.4.0] InfoLedger统计: 13个槽位, 当前章节:澄清背景
[生成] 达到最大重试次数，执行硬截断...
[硬截断] 截断后字符数（不含标签）: 2071, 字数: 387
[随机性] seed = 2292501073 (来自 652mpk2w_1776050419399)
[DEBUG] 检测结果已追加到: D:\ui_auto_test\demo_app\demo\tts_input_debug.txt
[v1.4.0] Ledger debug已保存: reports/ledger_dialogue_1776050419.json
[A3-Facts] 覆盖率: 4.8% (1/21)
[A3-Facts] 缺失: ['F3', 'F4', 'F5', 'F6', 'F7', 'F8', 'F9', 'F10', 'F11', 'F12', 'F13', 'F14', 'F15', 'F16', 'F17', 'F18', 'F19', 'F20', 'F21', 'F22']
[v1.4.0] Facts debug已保存: reports/facts_dialogue_1776050419.json
[A2-RoleKPI] 跳过（people=2 < 3）
[核心标记修复] 警告：Chinese输出未包含核心标记，强制插入
[核心标记修复] 已在第5行插入核心内容
[后处理] 检测到25处占位符姓名
  - 行0: \bSpeaker\s+\d+\b
  - 行1: \bSpeaker\s+\d+\b
  - 行2: \bSpeaker\s+\d+\b
[翻译] scenario/core/profile 已翻译为 Chinese
[对话生成] 降级到旧生成器
[CAST v2.0] 警告：真实姓名生成器失败，降级到旧逻辑: No module named 'generate_cast_v150'
[CAST v1.5.0] 动态生成角色，scenario=Quarterly strategic planning meetings...
[CAST v1.5.0] Owner角色: 专业人士, 明确名字: None
[结构化对话] scene_type=generic, scenario=Quarterly strategic planning meetings...
[DEBUG] 最终 prompt 和模板已写入: D:\ui_auto_test\demo_app\demo\tts_input_debug.txt
[校验] 期望 Speaker 数量: 3
[校验] 实际找到的 Speaker: [1, 2, 3]
[校验] 每个 Speaker 出现次数: {1: 17, 2: 7, 3: 6}
[校验] 缺失的 Speaker: []
[校验] 出现次数不足 2 次的 Speaker: []
[校验] 语言不一致：中文占比 25.44% > 10%
[生成] 第 1 次生成存在问题（scenario_leak=False, language_issue=True），重试...  输出必须是 Chinese，中文占比必须 < 10%。只输出Chinese，不要混入中文。
[对话生成] 降级到旧生成器
[CAST v2.0] 警告：真实姓名生成器失败，降级到旧逻辑: No module named 'generate_cast_v150'
[CAST v1.5.0] 动态生成角色，scenario=Quarterly strategic planning meetings...
[CAST v1.5.0] Owner角色: 专业人士, 明确名字: None
[结构化对话] scene_type=generic, scenario=Quarterly strategic planning meetings...
[DEBUG] 最终 prompt 和模板已写入: D:\ui_auto_test\demo_app\demo\tts_input_debug.txt
[校验] 期望 Speaker 数量: 3
[校验] 实际找到的 Speaker: [1, 2, 3]
[校验] 每个 Speaker 出现次数: {1: 17, 2: 7, 3: 6}
[校验] 缺失的 Speaker: []
[校验] 出现次数不足 2 次的 Speaker: []
[校验] 语言不一致：中文占比 25.27% > 10%
[生成] 第 2 次生成存在问题（scenario_leak=False, language_issue=True），重试...  输出必须是 Chinese，中文占比必须 < 10%。只输出Chinese，不要混入中文。
[对话生成] 降级到旧生成器
[CAST v2.0] 警告：真实姓名生成器失败，降级到旧逻辑: No module named 'generate_cast_v150'
[CAST v1.5.0] 动态生成角色，scenario=Quarterly strategic planning meetings...
[CAST v1.5.0] Owner角色: 专业人士, 明确名字: None
[结构化对话] scene_type=generic, scenario=Quarterly strategic planning meetings...
[DEBUG] 最终 prompt 和模板已写入: D:\ui_auto_test\demo_app\demo\tts_input_debug.txt
[校验] 期望 Speaker 数量: 3
[校验] 实际找到的 Speaker: [1, 2, 3]
[校验] 每个 Speaker 出现次数: {1: 17, 2: 7, 3: 6}
[校验] 缺失的 Speaker: []
[校验] 出现次数不足 2 次的 Speaker: []
[校验] 语言不一致：中文占比 25.34% > 10%
[生成] 达到最大重试次数，但仍存在问题（scenario_leak=False, language_issue=True）
[v1.4.0] 跨Speaker重复检测失败
================================================================================
跨Speaker重复检测报告
================================================================================

[X] 发现4处完全重复：

  [5行] Speaker2: 我理解了，能否给我一些时间整理一下思路？
  [7行] Speaker3: 我理解了，能否给我一些时间整理一下思路？  <- 完全相同！

  [11行] Speaker2: 每个步骤需要注意什么？
  [13行] Speaker3: 每个步骤需要注意什么？  <- 完全相同！

  [16行] Speaker2: 这个方案听起来不错，能详细说说吗？
  [18行] Speaker3: 这个方案听起来不错，能详细说说吗？  <- 完全相同！

  [21行] Speaker2: 我明白了，这个确实需要注意。
  [23行] Speaker3: 我明白了，这个确实需要注意。  <- 完全相同！

[X] 发现4处高相似度：

  [5行] Speaker2: 我理解了，能否给我一些时间整理一下思路？
  [7行] Speaker3: 我理解了，能否给我一些时间整理一下思路？
  相似度: 100%

  [11行] Speaker2: 每个步骤需要注意什么？
  [13行] Speaker3: 每个步骤需要注意什么？
  相似度: 100%

  [16行] Speaker2: 这个方案听起来不错，能详细说说吗？
  [18行] Speaker3: 这个方案听起来不错，能详细说说吗？
  相似度: 100%

  [21行] Speaker2: 我明白了，这个确实需要注意。
  [23行] Speaker3: 我明白了，这个确实需要注意。
  相似度: 100%

================================================================================

[统计] 总句数:30, 完全重复:4, 近重复:4, 模板句:0 (0.0%)
[生成] 达到最大重试次数，仍存在跨Speaker重复
[修复] 启动强制重复修复...
[修复] ✅ 修复成功：{'total_lines': 30, 'exact_duplicate_count': 0, 'semantic_near_duplicate_count': 0, 'low_info_filler_count': 0, 'low_info_filler_ratio': 0.0, 'is_valid': True}
[去重] 原始行数: 30, 去重后行数: 30
[长度校验] 目标: 600, 实际字符数（不含标签）: 2307, 实际字数: 433, 语言: Chinese
[v1.4.0] InfoLedger统计: 13个槽位, 当前章节:澄清背景
[生成] 达到最大重试次数，执行硬截断...
[硬截断] 截断后字符数（不含标签）: 2532, 字数: 472
[随机性] seed = 1397916116 (来自 39485jbp_1776050970956)
[DEBUG] 检测结果已追加到: D:\ui_auto_test\demo_app\demo\tts_input_debug.txt
[v1.4.0] Ledger debug已保存: reports/ledger_dialogue_1776050970.json
[A3-Facts] 覆盖率: 3.1% (1/32)
[A3-Facts] 缺失: ['F1', 'F2', 'F3', 'F4', 'F6', 'F7', 'F8', 'F9', 'F10', 'F11', 'F12', 'F13', 'F15', 'F16', 'F17', 'F19', 'F20', 'F21', 'F22', 'F23', 'F24', 'F25', 'F26', 'F27', 'F28', 'F29', 'F31', 'F32', 'F33', 'F34', 'F35']
[v1.4.0] Facts debug已保存: reports/facts_dialogue_1776050970.json
[A2-RoleKPI] 🔧 启动强制补齐闭环（people=3）
[A2-RoleKPI] 补齐异常: name 'sys' is not defined
[核心标记修复] 警告：Chinese输出未包含核心标记，强制插入
[核心标记修复] 已在第5行插入核心内容
[后处理] 检测到34处占位符姓名
  - 行0: \bSpeaker\s+\d+\b
  - 行1: \bSpeaker\s+\d+\b
  - 行2: \bSpeaker\s+\d+\b
[翻译] scenario/core/profile 已翻译为 Chinese
[对话生成] 降级到旧生成器
[CAST v2.0] 警告：真实姓名生成器失败，降级到旧逻辑: No module named 'generate_cast_v150'
[CAST v1.5.0] 动态生成角色，scenario=Quarterly strategic planning meetings...
[CAST v1.5.0] Owner角色: 专业人士, 明确名字: None
[结构化对话] scene_type=generic, scenario=Quarterly strategic planning meetings...
[DEBUG] 最终 prompt 和模板已写入: D:\ui_auto_test\demo_app\demo\tts_input_debug.txt
[校验] 期望 Speaker 数量: 3
[校验] 实际找到的 Speaker: [1, 2, 3]
[校验] 每个 Speaker 出现次数: {1: 17, 2: 7, 3: 6}
[校验] 缺失的 Speaker: []
[校验] 出现次数不足 2 次的 Speaker: []
[校验] 语言不一致：中文占比 23.23% > 10%
[生成] 第 1 次生成存在问题（scenario_leak=False, language_issue=True），重试...  输出必须是 Chinese，中文占比必须 < 10%。只输出Chinese，不要混入中文。
[对话生成] 降级到旧生成器
[CAST v2.0] 警告：真实姓名生成器失败，降级到旧逻辑: No module named 'generate_cast_v150'
[CAST v1.5.0] 动态生成角色，scenario=Quarterly strategic planning meetings...
[CAST v1.5.0] Owner角色: 专业人士, 明确名字: None
[结构化对话] scene_type=generic, scenario=Quarterly strategic planning meetings...
[DEBUG] 最终 prompt 和模板已写入: D:\ui_auto_test\demo_app\demo\tts_input_debug.txt
[校验] 期望 Speaker 数量: 3
[校验] 实际找到的 Speaker: [1, 2, 3]
[校验] 每个 Speaker 出现次数: {1: 17, 2: 7, 3: 6}
[校验] 缺失的 Speaker: []
[校验] 出现次数不足 2 次的 Speaker: []
[校验] 语言不一致：中文占比 23.48% > 10%
[生成] 第 2 次生成存在问题（scenario_leak=False, language_issue=True），重试...  输出必须是 Chinese，中文占比必须 < 10%。只输出Chinese，不要混入中文。
[对话生成] 降级到旧生成器
[CAST v2.0] 警告：真实姓名生成器失败，降级到旧逻辑: No module named 'generate_cast_v150'
[CAST v1.5.0] 动态生成角色，scenario=Quarterly strategic planning meetings...
[CAST v1.5.0] Owner角色: 专业人士, 明确名字: None
[结构化对话] scene_type=generic, scenario=Quarterly strategic planning meetings...
[DEBUG] 最终 prompt 和模板已写入: D:\ui_auto_test\demo_app\demo\tts_input_debug.txt
[校验] 期望 Speaker 数量: 3
[校验] 实际找到的 Speaker: [1, 2, 3]
[校验] 每个 Speaker 出现次数: {1: 17, 2: 7, 3: 6}
[校验] 缺失的 Speaker: []
[校验] 出现次数不足 2 次的 Speaker: []
[校验] 语言不一致：中文占比 23.50% > 10%
[生成] 达到最大重试次数，但仍存在问题（scenario_leak=False, language_issue=True）
[v1.4.0] 跨Speaker重复检测失败
================================================================================
跨Speaker重复检测报告
================================================================================

[X] 发现3处完全重复：

  [11行] Speaker2: 每个步骤需要注意什么？
  [13行] Speaker3: 每个步骤需要注意什么？  <- 完全相同！

  [16行] Speaker2: 这个方案听起来不错，能详细说说吗？
  [18行] Speaker3: 这个方案听起来不错，能详细说说吗？  <- 完全相同！

  [21行] Speaker2: 我明白了，这个确实需要注意。
  [23行] Speaker3: 我明白了，这个确实需要注意。  <- 完全相同！

[X] 发现5处高相似度：

  [2行] Speaker2: Professional您好，我是Counterpart。感谢您安排这次会面。
  [3行] Speaker3: Professional您好，我是Coordinator。感谢您安排这次会面。
  相似度: 83%

  [5行] Speaker2: 这个我需要回去确认一下，明天给您答复可以吗？
  [9行] Speaker2: 这个我需要回去确认一下，明天给您答复可以吗？
  相似度: 100%

  [11行] Speaker2: 每个步骤需要注意什么？
  [13行] Speaker3: 每个步骤需要注意什么？
  相似度: 100%

  [16行] Speaker2: 这个方案听起来不错，能详细说说吗？
  [18行] Speaker3: 这个方案听起来不错，能详细说说吗？
  相似度: 100%

  [21行] Speaker2: 我明白了，这个确实需要注意。
  [23行] Speaker3: 我明白了，这个确实需要注意。
  相似度: 100%

================================================================================

[统计] 总句数:30, 完全重复:3, 近重复:5, 模板句:0 (0.0%)
[生成] 达到最大重试次数，仍存在跨Speaker重复
[修复] 启动强制重复修复...
[修复] ⚠️ 仍有问题，但已尽力修复：{'total_lines': 30, 'exact_duplicate_count': 0, 'semantic_near_duplicate_count': 2, 'low_info_filler_count': 0, 'low_info_filler_ratio': 0.0, 'is_valid': False}
[修复] 已删除低信息句(保护前4行)，剩余24行
[去重] 原始行数: 24, 去重后行数: 24
[长度校验] 目标: 1000, 实际字符数（不含标签）: 2332, 实际字数: 426, 语言: Chinese
[InfoLedger] 推进到章节 1: 展开事实
[v1.4.0] InfoLedger统计: 13个槽位, 当前章节:展开事实
[生成] 达到最大重试次数，执行硬截断...
[硬截断] 截断后字符数（不含标签）: 2557, 字数: 465
[随机性] seed = 1003527177 (来自 ot2k20am_1776050983603)
[DEBUG] 检测结果已追加到: D:\ui_auto_test\demo_app\demo\tts_input_debug.txt
[v1.4.0] Ledger debug已保存: reports/ledger_dialogue_1776050983.json
[A3-Facts] 覆盖率: 2.9% (1/35)
[A3-Facts] 缺失: ['F1', 'F2', 'F3', 'F4', 'F6', 'F7', 'F8', 'F9', 'F10', 'F11', 'F12', 'F13', 'F14', 'F15', 'F16', 'F17', 'F18', 'F19', 'F20', 'F21', 'F22', 'F23', 'F25', 'F26', 'F27', 'F28', 'F29', 'F30', 'F32', 'F33', 'F34', 'F35', 'F36', 'F37']
[v1.4.0] Facts debug已保存: reports/facts_dialogue_1776050983.json
[A2-RoleKPI] 🔧 启动强制补齐闭环（people=3）
[A2-RoleKPI] 补齐异常: name 'sys' is not defined
[核心标记修复] 警告：Chinese输出未包含核心标记，强制插入
[核心标记修复] 已在第5行插入核心内容
[后处理] 检测到28处占位符姓名
  - 行0: \bSpeaker\s+\d+\b
  - 行1: \bSpeaker\s+\d+\b
  - 行2: \bSpeaker\s+\d+\b
[翻译] scenario/core/profile 已翻译为 Chinese
[对话生成] 降级到旧生成器
[CAST v2.0] 警告：真实姓名生成器失败，降级到旧逻辑: No module named 'generate_cast_v150'
[CAST v1.5.0] 动态生成角色，scenario=Quarterly strategic planning meetings...
[CAST v1.5.0] Owner角色: 专业人士, 明确名字: None
[结构化对话] scene_type=generic, scenario=Quarterly strategic planning meetings...
[DEBUG] 最终 prompt 和模板已写入: D:\ui_auto_test\demo_app\demo\tts_input_debug.txt
[校验] 期望 Speaker 数量: 3
[校验] 实际找到的 Speaker: [1, 2, 3]
[校验] 每个 Speaker 出现次数: {1: 17, 2: 7, 3: 6}
[校验] 缺失的 Speaker: []
[校验] 出现次数不足 2 次的 Speaker: []
[校验] 语言不一致：中文占比 23.91% > 10%
[生成] 第 1 次生成存在问题（scenario_leak=False, language_issue=True），重试...  输出必须是 Chinese，中文占比必须 < 10%。只输出Chinese，不要混入中文。
[对话生成] 降级到旧生成器
[CAST v2.0] 警告：真实姓名生成器失败，降级到旧逻辑: No module named 'generate_cast_v150'
[CAST v1.5.0] 动态生成角色，scenario=Quarterly strategic planning meetings...
[CAST v1.5.0] Owner角色: 专业人士, 明确名字: None
[结构化对话] scene_type=generic, scenario=Quarterly strategic planning meetings...
[DEBUG] 最终 prompt 和模板已写入: D:\ui_auto_test\demo_app\demo\tts_input_debug.txt
[校验] 期望 Speaker 数量: 3
[校验] 实际找到的 Speaker: [1, 2, 3]
[校验] 每个 Speaker 出现次数: {1: 17, 2: 7, 3: 6}
[校验] 缺失的 Speaker: []
[校验] 出现次数不足 2 次的 Speaker: []
[校验] 语言不一致：中文占比 23.82% > 10%
[生成] 第 2 次生成存在问题（scenario_leak=False, language_issue=True），重试...  输出必须是 Chinese，中文占比必须 < 10%。只输出Chinese，不要混入中文。
[对话生成] 降级到旧生成器
[CAST v2.0] 警告：真实姓名生成器失败，降级到旧逻辑: No module named 'generate_cast_v150'
[CAST v1.5.0] 动态生成角色，scenario=Quarterly strategic planning meetings...
[CAST v1.5.0] Owner角色: 专业人士, 明确名字: None
[结构化对话] scene_type=generic, scenario=Quarterly strategic planning meetings...
[DEBUG] 最终 prompt 和模板已写入: D:\ui_auto_test\demo_app\demo\tts_input_debug.txt
[校验] 期望 Speaker 数量: 3
[校验] 实际找到的 Speaker: [1, 2, 3]
[校验] 每个 Speaker 出现次数: {1: 17, 2: 7, 3: 6}
[校验] 缺失的 Speaker: []
[校验] 出现次数不足 2 次的 Speaker: []
[校验] 语言不一致：中文占比 24.07% > 10%
[生成] 达到最大重试次数，但仍存在问题（scenario_leak=False, language_issue=True）
[v1.4.0] 跨Speaker重复检测失败
================================================================================
跨Speaker重复检测报告
================================================================================

[X] 发现3处完全重复：

  [11行] Speaker2: 每个步骤需要注意什么？
  [13行] Speaker3: 每个步骤需要注意什么？  <- 完全相同！

  [16行] Speaker2: 这个方案听起来不错，能详细说说吗？
  [18行] Speaker3: 这个方案听起来不错，能详细说说吗？  <- 完全相同！

  [21行] Speaker2: 我明白了，这个确实需要注意。
  [23行] Speaker3: 我明白了，这个确实需要注意。  <- 完全相同！

[X] 发现3处高相似度：

  [11行] Speaker2: 每个步骤需要注意什么？
  [13行] Speaker3: 每个步骤需要注意什么？
  相似度: 100%

  [16行] Speaker2: 这个方案听起来不错，能详细说说吗？
  [18行] Speaker3: 这个方案听起来不错，能详细说说吗？
  相似度: 100%

  [21行] Speaker2: 我明白了，这个确实需要注意。
  [23行] Speaker3: 我明白了，这个确实需要注意。
  相似度: 100%

================================================================================

[统计] 总句数:30, 完全重复:3, 近重复:3, 模板句:0 (0.0%)
[生成] 达到最大重试次数，仍存在跨Speaker重复
[修复] 启动强制重复修复...
[修复] ✅ 修复成功：{'total_lines': 30, 'exact_duplicate_count': 0, 'semantic_near_duplicate_count': 0, 'low_info_filler_count': 0, 'low_info_filler_ratio': 0.0, 'is_valid': True}
[去重] 原始行数: 30, 去重后行数: 30
[长度校验] 目标: 2000, 实际字符数（不含标签）: 2413, 实际字数: 454, 语言: Chinese
[v1.4.0] InfoLedger统计: 14个槽位, 当前章节:澄清背景
[生成] 达到最大重试次数，执行硬截断...
[硬截断] 截断后字符数（不含标签）: 2638, 字数: 493
[随机性] seed = 4187143298 (来自 5qwc0pnc_1776050996485)
[DEBUG] 检测结果已追加到: D:\ui_auto_test\demo_app\demo\tts_input_debug.txt
[v1.4.0] Ledger debug已保存: reports/ledger_dialogue_1776050996.json
[A3-Facts] 覆盖率: 3.1% (1/32)
[A3-Facts] 缺失: ['F1', 'F2', 'F3', 'F4', 'F6', 'F7', 'F8', 'F9', 'F10', 'F11', 'F12', 'F13', 'F14', 'F15', 'F16', 'F17', 'F18', 'F19', 'F20', 'F21', 'F22', 'F23', 'F24', 'F25', 'F26', 'F27', 'F29', 'F30', 'F31', 'F32', 'F33']
[v1.4.0] Facts debug已保存: reports/facts_dialogue_1776050996.json
[A2-RoleKPI] 🔧 启动强制补齐闭环（people=3）
[A2-RoleKPI] 补齐异常: name 'sys' is not defined
[核心标记修复] 警告：Chinese输出未包含核心标记，强制插入
[核心标记修复] 已在第5行插入核心内容
[后处理] 检测到34处占位符姓名
  - 行0: \bSpeaker\s+\d+\b
  - 行1: \bSpeaker\s+\d+\b
  - 行2: \bSpeaker\s+\d+\b
[翻译] scenario/core/profile 已翻译为 Chinese
[对话生成] 降级到旧生成器
[CAST v2.0] 警告：真实姓名生成器失败，降级到旧逻辑: No module named 'generate_cast_v150'
[CAST v1.5.0] 动态生成角色，scenario=Quarterly strategic planning meetings...
[CAST v1.5.0] Owner角色: 专业人士, 明确名字: None
[结构化对话] scene_type=generic, scenario=Quarterly strategic planning meetings...
[DEBUG] 最终 prompt 和模板已写入: D:\ui_auto_test\demo_app\demo\tts_input_debug.txt
[Domain KB] 加载失败 (D:\ui_auto_test\demo_app\runtime\cache\embedded_bundle\modules\domain_kb\generic.json): [Errno 2] No such file or directory: 'D:\\ui_auto_test\\demo_app\\runtime\\cache\\embedded_bundle\\modules\\domain_kb\\generic.json'
[Fallback] 使用旧模板: 变更管理流程要规范。...
[Domain KB] 注入术语(1): 执行方案 / 效率指标 = 85%
[扩写] 本次添加 5 行对话，注入1句术语，约 170 字
[校验] 期望 Speaker 数量: 3
[校验] 实际找到的 Speaker: [1, 2, 3]
[校验] 每个 Speaker 出现次数: {1: 20, 2: 8, 3: 7}
[校验] 缺失的 Speaker: []
[校验] 出现次数不足 2 次的 Speaker: []
[校验] 语言不一致：中文占比 25.69% > 10%
[生成] 第 1 次生成存在问题（scenario_leak=False, language_issue=True），重试...  输出必须是 Chinese，中文占比必须 < 10%。只输出Chinese，不要混入中文。
[对话生成] 降级到旧生成器
[CAST v2.0] 警告：真实姓名生成器失败，降级到旧逻辑: No module named 'generate_cast_v150'
[CAST v1.5.0] 动态生成角色，scenario=Quarterly strategic planning meetings...
[CAST v1.5.0] Owner角色: 专业人士, 明确名字: None
[结构化对话] scene_type=generic, scenario=Quarterly strategic planning meetings...
[DEBUG] 最终 prompt 和模板已写入: D:\ui_auto_test\demo_app\demo\tts_input_debug.txt
[Fallback] 使用旧模板: 变更管理流程要规范。...
[Domain KB] 注入术语(1): 绩效指标 / 准确率 = 92%
[扩写] 本次添加 5 行对话，注入1句术语，约 169 字
[校验] 期望 Speaker 数量: 3
[校验] 实际找到的 Speaker: [1, 2, 3]
[校验] 每个 Speaker 出现次数: {1: 20, 2: 8, 3: 7}
[校验] 缺失的 Speaker: []
[校验] 出现次数不足 2 次的 Speaker: []
[校验] 语言不一致：中文占比 25.68% > 10%
[生成] 第 2 次生成存在问题（scenario_leak=False, language_issue=True），重试...  输出必须是 Chinese，中文占比必须 < 10%。只输出Chinese，不要混入中文。
[对话生成] 降级到旧生成器
[CAST v2.0] 警告：真实姓名生成器失败，降级到旧逻辑: No module named 'generate_cast_v150'
[CAST v1.5.0] 动态生成角色，scenario=Quarterly strategic planning meetings...
[CAST v1.5.0] Owner角色: 专业人士, 明确名字: None
[结构化对话] scene_type=generic, scenario=Quarterly strategic planning meetings...
[DEBUG] 最终 prompt 和模板已写入: D:\ui_auto_test\demo_app\demo\tts_input_debug.txt
[Fallback] 使用旧模板: 相关方管理需要重视。...
[Domain KB] 注入术语(1): 执行方案 / 效率指标 = 98%
[扩写] 本次添加 5 行对话，注入1句术语，约 169 字
[校验] 期望 Speaker 数量: 3
[校验] 实际找到的 Speaker: [1, 2, 3]
[校验] 每个 Speaker 出现次数: {1: 19, 2: 9, 3: 7}
[校验] 缺失的 Speaker: []
[校验] 出现次数不足 2 次的 Speaker: []
[校验] 语言不一致：中文占比 25.74% > 10%
[生成] 达到最大重试次数，但仍存在问题（scenario_leak=False, language_issue=True）
[v1.4.0] 跨Speaker重复检测失败
================================================================================
跨Speaker重复检测报告
================================================================================

[X] 发现3处完全重复：

  [11行] Speaker2: 每个步骤需要注意什么？
  [13行] Speaker3: 每个步骤需要注意什么？  <- 完全相同！

  [16行] Speaker2: 这个方案听起来不错，能详细说说吗？
  [18行] Speaker3: 这个方案听起来不错，能详细说说吗？  <- 完全相同！

  [21行] Speaker2: 我明白了，这个确实需要注意。
  [23行] Speaker3: 我明白了，这个确实需要注意。  <- 完全相同！

[X] 发现4处高相似度：

  [2行] Speaker2: 您好Professional，我是Counterpart。很高兴能和您沟通。
  [3行] Speaker3: 您好Professional，我是Coordinator。很高兴能和您沟通。
  相似度: 83%

  [11行] Speaker2: 每个步骤需要注意什么？
  [13行] Speaker3: 每个步骤需要注意什么？
  相似度: 100%

  [16行] Speaker2: 这个方案听起来不错，能详细说说吗？
  [18行] Speaker3: 这个方案听起来不错，能详细说说吗？
  相似度: 100%

  [21行] Speaker2: 我明白了，这个确实需要注意。
  [23行] Speaker3: 我明白了，这个确实需要注意。
  相似度: 100%

================================================================================

[统计] 总句数:35, 完全重复:3, 近重复:4, 模板句:0 (0.0%)
[生成] 达到最大重试次数，仍存在跨Speaker重复
[修复] 启动强制重复修复...
[修复] ⚠️ 仍有问题，但已尽力修复：{'total_lines': 35, 'exact_duplicate_count': 0, 'semantic_near_duplicate_count': 1, 'low_info_filler_count': 0, 'low_info_filler_ratio': 0.0, 'is_valid': False}
[修复] 已删除低信息句(保护前4行)，剩余28行
[去重] 原始行数: 28, 去重后行数: 28
[长度校验] 目标: 3000, 实际字符数（不含标签）: 2320, 实际字数: 438, 语言: Chinese
[InfoLedger] 推进到章节 1: 展开事实
[v1.4.0] InfoLedger统计: 15个槽位, 当前章节:展开事实
[随机性] seed = 2611840928 (来自 0ovrzseu_1776051009003)
[扩写] 英语模式：尝试使用 V2ReviewExpander
[扩写] V2ReviewExpander 失败，降级到旧扩写器: name 'sys' is not defined
[扩写] 第 1 轮，当前字符数: 2320, 缺口: 680, 目标: 2700~3150
[Fallback] 使用旧模板: 知识管理要做好经验积累。...
[Domain KB] 注入术语(1): 执行方案 / 达标率 = 85%
[扩写] 本次添加 5 行对话，注入1句术语，约 153 字
[扩写] 追加 5 行，当前字符数: 2459
[扩写] 第 2 轮，当前字符数: 2459, 缺口: 541, 目标: 2700~3150
[Fallback] 使用旧模板: 相关方管理需要重视。...
[Domain KB] 注入术语(1): 执行方案 / 效率指标 = 92%
[扩写] 本次添加 5 行对话，注入1句术语，约 151 字
